0 info it worked if it ends with ok
1 verbose cli [ '/usr/bin/node', '/usr/bin/npm', 'run-script', 'uglify' ]
2 info using npm@3.5.2
3 info using node@v8.10.0
4 verbose run-script [ 'preuglify', 'uglify', 'postuglify' ]
5 info lifecycle leaflet.markercluster@1.4.1~preuglify: leaflet.markercluster@1.4.1
6 silly lifecycle leaflet.markercluster@1.4.1~preuglify: no script for preuglify, continuing
7 info lifecycle leaflet.markercluster@1.4.1~uglify: leaflet.markercluster@1.4.1
8 verbose lifecycle leaflet.markercluster@1.4.1~uglify: unsafe-perm in lifecycle true
9 verbose lifecycle leaflet.markercluster@1.4.1~uglify: PATH: /usr/share/npm/bin/node-gyp-bin:/home/wwinw121/Documents/FIT3036/iot-traffic-monitor/iot-springboot-dashboard/src/main/resources/static/js/Leaflet.markercluster-1.4.1/node_modules/.bin:/home/wwinw121/Tools/anaconda3/bin:/home/wwinw121/Tools/anaconda3/condabin:/usr/local/sbin:/usr/local/bin:/usr/sbin:/usr/bin:/sbin:/bin:/usr/games:/usr/local/games:/snap/bin:/usr/local/kafka/bin:/usr/local/maven/bin:/home/wwinw121/Tools/Apache/Zookeeper/zookeeper-3.4.14/bin:/home/wwinw121/Tools/Apache/Cassandra/apache-cassandra-2.2.14/bin:SPARK_HOME/bin:/usr/local/kafka/bin:/usr/local/maven/bin:/home/wwinw121/Tools/Apache/Zookeeper/zookeeper-3.4.14/bin:/home/wwinw121/Tools/Apache/Cassandra/apache-cassandra-2.2.14/bin:SPARK_HOME/bin
10 verbose lifecycle leaflet.markercluster@1.4.1~uglify: CWD: /home/wwinw121/Documents/FIT3036/iot-traffic-monitor/iot-springboot-dashboard/src/main/resources/static/js/Leaflet.markercluster-1.4.1
11 silly lifecycle leaflet.markercluster@1.4.1~uglify: Args: [ '-c',
11 silly lifecycle   'uglifyjs dist/leaflet.markercluster-src.js -c -m -o dist/leaflet.markercluster.js --source-map dist/leaflet.markercluster.js.map --in-source-map dist/leaflet.markercluster-src.js.map --source-map-url leaflet.markercluster.js.map' ]
12 silly lifecycle leaflet.markercluster@1.4.1~uglify: Returned: code: 1  signal: null
13 info lifecycle leaflet.markercluster@1.4.1~uglify: Failed to exec uglify script
14 verbose stack Error: leaflet.markercluster@1.4.1 uglify: `uglifyjs dist/leaflet.markercluster-src.js -c -m -o dist/leaflet.markercluster.js --source-map dist/leaflet.markercluster.js.map --in-source-map dist/leaflet.markercluster-src.js.map --source-map-url leaflet.markercluster.js.map`
14 verbose stack Exit status 1
14 verbose stack     at EventEmitter.<anonymous> (/usr/share/npm/lib/utils/lifecycle.js:232:16)
14 verbose stack     at emitTwo (events.js:126:13)
14 verbose stack     at EventEmitter.emit (events.js:214:7)
14 verbose stack     at ChildProcess.<anonymous> (/usr/share/npm/lib/utils/spawn.js:24:14)
14 verbose stack     at emitTwo (events.js:126:13)
14 verbose stack     at ChildProcess.emit (events.js:214:7)
14 verbose stack     at maybeClose (internal/child_process.js:925:16)
14 verbose stack     at Process.ChildProcess._handle.onexit (internal/child_process.js:209:5)
15 verbose pkgid leaflet.markercluster@1.4.1
16 verbose cwd /home/wwinw121/Documents/FIT3036/iot-traffic-monitor/iot-springboot-dashboard/src/main/resources/static/js/Leaflet.markercluster-1.4.1
17 error Linux 4.18.0-20-generic
18 error argv "/usr/bin/node" "/usr/bin/npm" "run-script" "uglify"
19 error node v8.10.0
20 error npm  v3.5.2
21 error code ELIFECYCLE
22 error leaflet.markercluster@1.4.1 uglify: `uglifyjs dist/leaflet.markercluster-src.js -c -m -o dist/leaflet.markercluster.js --source-map dist/leaflet.markercluster.js.map --in-source-map dist/leaflet.markercluster-src.js.map --source-map-url leaflet.markercluster.js.map`
22 error Exit status 1
23 error Failed at the leaflet.markercluster@1.4.1 uglify script 'uglifyjs dist/leaflet.markercluster-src.js -c -m -o dist/leaflet.markercluster.js --source-map dist/leaflet.markercluster.js.map --in-source-map dist/leaflet.markercluster-src.js.map --source-map-url leaflet.markercluster.js.map'.
23 error Make sure you have the latest version of node.js and npm installed.
23 error If you do, this is most likely a problem with the leaflet.markercluster package,
23 error not with npm itself.
23 error Tell the author that this fails on your system:
23 error     uglifyjs dist/leaflet.markercluster-src.js -c -m -o dist/leaflet.markercluster.js --source-map dist/leaflet.markercluster.js.map --in-source-map dist/leaflet.markercluster-src.js.map --source-map-url leaflet.markercluster.js.map
23 error You can get information on how to open an issue for this project with:
23 error     npm bugs leaflet.markercluster
23 error Or if that isn't available, you can get their info via:
23 error     npm owner ls leaflet.markercluster
23 error There is likely additional logging output above.
24 verbose exit [ 1, true ]
