#
# A fatal error has been detected by the Java Runtime Environment:
#
#  SIGSEGV (0xb) at pc=0x00007f6a594c8aff, pid=30781, tid=0x00007f6a5aa29700
#
# JRE version: OpenJDK Runtime Environment (8.0_212-b03) (build 1.8.0_212-8u212-b03-0ubuntu1.18.04.1-b03)
# Java VM: OpenJDK 64-Bit Server VM (25.212-b03 mixed mode linux-amd64 compressed oops)
# Problematic frame:
# V  [libjvm.so+0x874aff]
#
# Failed to write core dump. Core dumps have been disabled. To enable core dumping, try "ulimit -c unlimited" before starting Java again
#
# If you would like to submit a bug report, please visit:
#   http://bugreport.java.com/bugreport/crash.jsp
#

---------------  T H R E A D  ---------------

Current thread (0x00007f6a5400b800):  JavaThread "main" [_thread_in_vm, id=30800, stack(0x00007f6a5a92a000,0x00007f6a5aa2a000)]

siginfo: si_signo: 11 (SIGSEGV), si_code: 128 (SI_KERNEL), si_addr: 0x0000000000000000

Registers:
RAX=0x8000000000000000, RBX=0x00007f6a38945c20, RCX=0x00007f6a54d8d5b0, RDX=0x00007f6a59bd8b60
RSP=0x00007f6a5aa1ed80, RBP=0x00007f6a5aa1ed80, RSI=0x00007f6a389457c0, RDI=0x00007f6a38945fe8
R8 =0x0000000000000005, R9 =0x00007f6a38562328, R10=0x0000000000000031, R11=0x0000000000000170
R12=0x000000000000001e, R13=0x00000007c02af600, R14=0x0000000000000002, R15=0x00007f6a38945bc8
RIP=0x00007f6a594c8aff, EFLAGS=0x0000000000010246, CSGSFS=0x002b000000000033, ERR=0x0000000000000000
  TRAPNO=0x000000000000000d

Top of Stack: (sp=0x00007f6a5aa1ed80)
0x00007f6a5aa1ed80:   00007f6a5aa1edd0 00007f6a593d8667
0x00007f6a5aa1ed90:   0000000100000001 00007f6a385634e0
0x00007f6a5aa1eda0:   00007f6a54f8a250 00007f6a5400b800
0x00007f6a5aa1edb0:   00007f6a54ec4c80 00007f6a5aa1f2f0
0x00007f6a5aa1edc0:   00007f6a54f8a250 00007f6a5aa1f100
0x00007f6a5aa1edd0:   00007f6a5aa1f060 00007f6a590895f7
0x00007f6a5aa1ede0:   c9f5c50239e2408c 000000311895a1fb
0x00007f6a5aa1edf0:   00007f6a5aa1eeb4 0000003100e03509
0x00007f6a5aa1ee00:   0000000000000748 0000000000000000
0x00007f6a5aa1ee10:   00007f6a5aa1ef80 00007f6a38953100
0x00007f6a5aa1ee20:   00007f6a5aa1f010 00007f6a38953588
0x00007f6a5aa1ee30:   00007f6a00000031 00007f6a5aa1eed0
0x00007f6a5aa1ee40:   00000007c0125ae8 00007f6a5aa1eec0
0x00007f6a5aa1ee50:   0000000000200421 00007f69e43c0860
0x00007f6a5aa1ee60:   00007f6a5aa1efc0 0000000000000000
0x00007f6a5aa1ee70:   00000001000000df 0000000000000000
0x00007f6a5aa1ee80:   7820fcbf3b5f38f9 006b5f10bd62c349
0x00007f6a5aa1ee90:   0020000000110100 0000000000000039
0x00007f6a5aa1eea0:   0000000000000000 00007f69e43c0868
0x00007f6a5aa1eeb0:   0000000208712e42 f4485ef500000000
0x00007f6a5aa1eec0:   00007f6a389519e8 00007f6a5400b800
0x00007f6a5aa1eed0:   0000001400000000 0000000000000000
0x00007f6a5aa1eee0:   e5334e9a00000007 00007f6a5400c190
0x00007f6a5aa1eef0:   00007f6a5400bff0 00007f6a5400c030
0x00007f6a5aa1ef00:   00007f6a5400c190 00007f6a5400c418
0x00007f6a5aa1ef10:   00000000000003d8 c14d0b608b2e8a66
0x00007f6a5aa1ef20:   4cec10d93b05324e 213fc5c39e93608b
0x00007f6a5aa1ef30:   e3d8a4745bd66c31 e2172299b4c7268c
0x00007f6a5aa1ef40:   7a1be485fc8405cd 4c5c36d5971cdc60
0x00007f6a5aa1ef50:   0db62e0db0c2a1b6 f95450dd25c1cf95
0x00007f6a5aa1ef60:   086f83ef2fa25c2c 5a52eab52e40e1e8
0x00007f6a5aa1ef70:   f2d8cb85e92e1435 d3fd0ae331054e5d 

Instructions: (pc=0x00007f6a594c8aff)
0x00007f6a594c8adf:   ff eb 8c 0f 1f 40 00 66 2e 0f 1f 84 00 00 00 00
0x00007f6a594c8aef:   00 48 8b 47 08 55 48 8d 15 64 00 71 00 48 89 e5
0x00007f6a594c8aff:   48 8b 70 08 0f b7 40 22 48 8b 4c c6 50 48 3b 8a
0x00007f6a594c8b0f:   80 07 00 00 b8 01 00 00 00 74 0b 31 c0 48 3b 8a 

Register to memory mapping:

RAX=0x8000000000000000 is an unknown value
RBX=0x00007f6a38945c20 is pointing into metadata
RCX=0x00007f6a54d8d5b0 is an unknown value
RDX=0x00007f6a59bd8b60: <offset 0xf84b60> in /usr/lib/jvm/java-8-openjdk-amd64/jre/lib/amd64/server/libjvm.so at 0x00007f6a58c54000
RSP=0x00007f6a5aa1ed80 is pointing into the stack for thread: 0x00007f6a5400b800
RBP=0x00007f6a5aa1ed80 is pointing into the stack for thread: 0x00007f6a5400b800
RSI=0x00007f6a389457c0 is pointing into metadata
RDI=0x00007f6a38945fe8 is pointing into metadata
R8 =0x0000000000000005 is an unknown value
R9 =0x00007f6a38562328 is pointing into metadata
R10=0x0000000000000031 is an unknown value
R11=0x0000000000000170 is an unknown value
R12=0x000000000000001e is an unknown value
R13=0x00000007c02af600 is pointing into metadata
R14=0x0000000000000002 is an unknown value
R15=0x00007f6a38945bc8 is pointing into metadata


Stack: [0x00007f6a5a92a000,0x00007f6a5aa2a000],  sp=0x00007f6a5aa1ed80,  free space=979k
Native frames: (J=compiled Java code, j=interpreted, Vv=VM code, C=native code)
V  [libjvm.so+0x874aff]
V  [libjvm.so+0x784667]
V  [libjvm.so+0x4355f7]
V  [libjvm.so+0xa1e757]
V  [libjvm.so+0x6c5872]
V  [libjvm.so+0x6c712b]  JVM_DefineClassWithSource+0x8b
C  [libjava.so+0xd98d]  Java_java_lang_ClassLoader_defineClass1+0x17d
J 457  java.lang.ClassLoader.defineClass1(Ljava/lang/String;[BIILjava/security/ProtectionDomain;Ljava/lang/String;)Ljava/lang/Class; (0 bytes) @ 0x00007f6a443b998b [0x00007f6a443b9880+0x10b]
J 400 C1 java.lang.ClassLoader.defineClass(Ljava/lang/String;[BIILjava/security/ProtectionDomain;)Ljava/lang/Class; (43 bytes) @ 0x00007f6a4439da5c [0x00007f6a4439d480+0x5dc]
J 3727 C1 java.security.SecureClassLoader.defineClass(Ljava/lang/String;[BIILjava/security/CodeSource;)Ljava/lang/Class; (16 bytes) @ 0x00007f6a44d7fb2c [0x00007f6a44d7fa80+0xac]
J 3185 C2 java.net.URLClassLoader$1.run()Ljava/lang/Class; (63 bytes) @ 0x00007f6a44d0dea4 [0x00007f6a44d0c220+0x1c84]
J 4001 C1 java.net.URLClassLoader$1.run()Ljava/lang/Object; (5 bytes) @ 0x00007f6a44e82b7c [0x00007f6a44e82b00+0x7c]
v  ~StubRoutines::call_stub
V  [libjvm.so+0x68139b]
V  [libjvm.so+0x6d4724]  JVM_DoPrivileged+0x504
J 155  java.security.AccessController.doPrivileged(Ljava/security/PrivilegedExceptionAction;Ljava/security/AccessControlContext;)Ljava/lang/Object; (0 bytes) @ 0x00007f6a442cda95 [0x00007f6a442cd9c0+0xd5]
J 3183 C2 java.net.URLClassLoader.findClass(Ljava/lang/String;)Ljava/lang/Class; (47 bytes) @ 0x00007f6a44beb2bc [0x00007f6a44beb220+0x9c]
J 2872 C1 org.codehaus.plexus.classworlds.realm.ClassRealm.loadClassFromSelf(Ljava/lang/String;)Ljava/lang/Class; (40 bytes) @ 0x00007f6a44ab7bf4 [0x00007f6a44ab7800+0x3f4]
J 2780 C1 org.codehaus.plexus.classworlds.strategy.SelfFirstStrategy.loadClass(Ljava/lang/String;)Ljava/lang/Class; (50 bytes) @ 0x00007f6a44a52b1c [0x00007f6a44a52740+0x3dc]
J 2792 C1 org.codehaus.plexus.classworlds.realm.ClassRealm.loadClass(Ljava/lang/String;)Ljava/lang/Class; (7 bytes) @ 0x00007f6a44a5562c [0x00007f6a44a553a0+0x28c]
v  ~StubRoutines::call_stub
V  [libjvm.so+0x68139b]
V  [libjvm.so+0x67ea5b]
V  [libjvm.so+0x67f0c3]
V  [libjvm.so+0xa24e04]
V  [libjvm.so+0xa2378b]
V  [libjvm.so+0xa24012]
V  [libjvm.so+0x435d89]
V  [libjvm.so+0xa1e757]
V  [libjvm.so+0x6c5872]
V  [libjvm.so+0x6c712b]  JVM_DefineClassWithSource+0x8b
C  [libjava.so+0xd98d]  Java_java_lang_ClassLoader_defineClass1+0x17d
J 457  java.lang.ClassLoader.defineClass1(Ljava/lang/String;[BIILjava/security/ProtectionDomain;Ljava/lang/String;)Ljava/lang/Class; (0 bytes) @ 0x00007f6a443b998b [0x00007f6a443b9880+0x10b]
J 400 C1 java.lang.ClassLoader.defineClass(Ljava/lang/String;[BIILjava/security/ProtectionDomain;)Ljava/lang/Class; (43 bytes) @ 0x00007f6a4439da5c [0x00007f6a4439d480+0x5dc]
J 3727 C1 java.security.SecureClassLoader.defineClass(Ljava/lang/String;[BIILjava/security/CodeSource;)Ljava/lang/Class; (16 bytes) @ 0x00007f6a44d7fb2c [0x00007f6a44d7fa80+0xac]
J 3185 C2 java.net.URLClassLoader$1.run()Ljava/lang/Class; (63 bytes) @ 0x00007f6a44d0dea4 [0x00007f6a44d0c220+0x1c84]
J 4001 C1 java.net.URLClassLoader$1.run()Ljava/lang/Object; (5 bytes) @ 0x00007f6a44e82b7c [0x00007f6a44e82b00+0x7c]
v  ~StubRoutines::call_stub
V  [libjvm.so+0x68139b]
V  [libjvm.so+0x6d4724]  JVM_DoPrivileged+0x504
J 155  java.security.AccessController.doPrivileged(Ljava/security/PrivilegedExceptionAction;Ljava/security/AccessControlContext;)Ljava/lang/Object; (0 bytes) @ 0x00007f6a442cda95 [0x00007f6a442cd9c0+0xd5]
J 3183 C2 java.net.URLClassLoader.findClass(Ljava/lang/String;)Ljava/lang/Class; (47 bytes) @ 0x00007f6a44beb2bc [0x00007f6a44beb220+0x9c]
J 2872 C1 org.codehaus.plexus.classworlds.realm.ClassRealm.loadClassFromSelf(Ljava/lang/String;)Ljava/lang/Class; (40 bytes) @ 0x00007f6a44ab7bf4 [0x00007f6a44ab7800+0x3f4]
J 2780 C1 org.codehaus.plexus.classworlds.strategy.SelfFirstStrategy.loadClass(Ljava/lang/String;)Ljava/lang/Class; (50 bytes) @ 0x00007f6a44a52b1c [0x00007f6a44a52740+0x3dc]
J 2792 C1 org.codehaus.plexus.classworlds.realm.ClassRealm.loadClass(Ljava/lang/String;)Ljava/lang/Class; (7 bytes) @ 0x00007f6a44a5562c [0x00007f6a44a553a0+0x28c]
v  ~StubRoutines::call_stub
V  [libjvm.so+0x68139b]
V  [libjvm.so+0x67ea5b]
V  [libjvm.so+0x67f0c3]
V  [libjvm.so+0xa24e04]
V  [libjvm.so+0xa2378b]
V  [libjvm.so+0xa24012]
V  [libjvm.so+0x435d89]
V  [libjvm.so+0xa1e757]
V  [libjvm.so+0x6c5872]
V  [libjvm.so+0x6c712b]  JVM_DefineClassWithSource+0x8b
C  [libjava.so+0xd98d]  Java_java_lang_ClassLoader_defineClass1+0x17d
J 457  java.lang.ClassLoader.defineClass1(Ljava/lang/String;[BIILjava/security/ProtectionDomain;Ljava/lang/String;)Ljava/lang/Class; (0 bytes) @ 0x00007f6a443b998b [0x00007f6a443b9880+0x10b]
J 400 C1 java.lang.ClassLoader.defineClass(Ljava/lang/String;[BIILjava/security/ProtectionDomain;)Ljava/lang/Class; (43 bytes) @ 0x00007f6a4439da5c [0x00007f6a4439d480+0x5dc]
J 3727 C1 java.security.SecureClassLoader.defineClass(Ljava/lang/String;[BIILjava/security/CodeSource;)Ljava/lang/Class; (16 bytes) @ 0x00007f6a44d7fb2c [0x00007f6a44d7fa80+0xac]
J 3185 C2 java.net.URLClassLoader$1.run()Ljava/lang/Class; (63 bytes) @ 0x00007f6a44d0dea4 [0x00007f6a44d0c220+0x1c84]
J 4001 C1 java.net.URLClassLoader$1.run()Ljava/lang/Object; (5 bytes) @ 0x00007f6a44e82b7c [0x00007f6a44e82b00+0x7c]
v  ~StubRoutines::call_stub
V  [libjvm.so+0x68139b]
V  [libjvm.so+0x6d4724]  JVM_DoPrivileged+0x504
J 155  java.security.AccessController.doPrivileged(Ljava/security/PrivilegedExceptionAction;Ljava/security/AccessControlContext;)Ljava/lang/Object; (0 bytes) @ 0x00007f6a442cda95 [0x00007f6a442cd9c0+0xd5]
J 3183 C2 java.net.URLClassLoader.findClass(Ljava/lang/String;)Ljava/lang/Class; (47 bytes) @ 0x00007f6a44beb2bc [0x00007f6a44beb220+0x9c]
J 2872 C1 org.codehaus.plexus.classworlds.realm.ClassRealm.loadClassFromSelf(Ljava/lang/String;)Ljava/lang/Class; (40 bytes) @ 0x00007f6a44ab7bf4 [0x00007f6a44ab7800+0x3f4]
J 2780 C1 org.codehaus.plexus.classworlds.strategy.SelfFirstStrategy.loadClass(Ljava/lang/String;)Ljava/lang/Class; (50 bytes) @ 0x00007f6a44a52b1c [0x00007f6a44a52740+0x3dc]
J 2792 C1 org.codehaus.plexus.classworlds.realm.ClassRealm.loadClass(Ljava/lang/String;)Ljava/lang/Class; (7 bytes) @ 0x00007f6a44a5562c [0x00007f6a44a553a0+0x28c]
v  ~StubRoutines::call_stub
V  [libjvm.so+0x68139b]
V  [libjvm.so+0x67ea5b]
V  [libjvm.so+0x67f0c3]
V  [libjvm.so+0xa24e04]
V  [libjvm.so+0xa2378b]
V  [libjvm.so+0xa24012]
V  [libjvm.so+0x435d89]
V  [libjvm.so+0xa1e757]
V  [libjvm.so+0x6c5872]
V  [libjvm.so+0x6c712b]  JVM_DefineClassWithSource+0x8b
C  [libjava.so+0xd98d]  Java_java_lang_ClassLoader_defineClass1+0x17d
J 457  java.lang.ClassLoader.defineClass1(Ljava/lang/String;[BIILjava/security/ProtectionDomain;Ljava/lang/String;)Ljava/lang/Class; (0 bytes) @ 0x00007f6a443b998b [0x00007f6a443b9880+0x10b]
J 400 C1 java.lang.ClassLoader.defineClass(Ljava/lang/String;[BIILjava/security/ProtectionDomain;)Ljava/lang/Class; (43 bytes) @ 0x00007f6a4439da5c [0x00007f6a4439d480+0x5dc]
J 3727 C1 java.security.SecureClassLoader.defineClass(Ljava/lang/String;[BIILjava/security/CodeSource;)Ljava/lang/Class; (16 bytes) @ 0x00007f6a44d7fb2c [0x00007f6a44d7fa80+0xac]
J 3185 C2 java.net.URLClassLoader$1.run()Ljava/lang/Class; (63 bytes) @ 0x00007f6a44d0dea4 [0x00007f6a44d0c220+0x1c84]
J 4001 C1 java.net.URLClassLoader$1.run()Ljava/lang/Object; (5 bytes) @ 0x00007f6a44e82b7c [0x00007f6a44e82b00+0x7c]
v  ~StubRoutines::call_stub
V  [libjvm.so+0x68139b]
V  [libjvm.so+0x6d4724]  JVM_DoPrivileged+0x504
J 155  java.security.AccessController.doPrivileged(Ljava/security/PrivilegedExceptionAction;Ljava/security/AccessControlContext;)Ljava/lang/Object; (0 bytes) @ 0x00007f6a442cda95 [0x00007f6a442cd9c0+0xd5]
J 3183 C2 java.net.URLClassLoader.findClass(Ljava/lang/String;)Ljava/lang/Class; (47 bytes) @ 0x00007f6a44beb2bc [0x00007f6a44beb220+0x9c]
J 2872 C1 org.codehaus.plexus.classworlds.realm.ClassRealm.loadClassFromSelf(Ljava/lang/String;)Ljava/lang/Class; (40 bytes) @ 0x00007f6a44ab7bf4 [0x00007f6a44ab7800+0x3f4]
J 2780 C1 org.codehaus.plexus.classworlds.strategy.SelfFirstStrategy.loadClass(Ljava/lang/String;)Ljava/lang/Class; (50 bytes) @ 0x00007f6a44a52b1c [0x00007f6a44a52740+0x3dc]
J 2792 C1 org.codehaus.plexus.classworlds.realm.ClassRealm.loadClass(Ljava/lang/String;)Ljava/lang/Class; (7 bytes) @ 0x00007f6a44a5562c [0x00007f6a44a553a0+0x28c]
v  ~StubRoutines::call_stub
V  [libjvm.so+0x68139b]
V  [libjvm.so+0x67ea5b]
V  [libjvm.so+0x67f0c3]
V  [libjvm.so+0xa24e04]
...<more frames>...

Java frames: (J=compiled Java code, j=interpreted, Vv=VM code)
J 457  java.lang.ClassLoader.defineClass1(Ljava/lang/String;[BIILjava/security/ProtectionDomain;Ljava/lang/String;)Ljava/lang/Class; (0 bytes) @ 0x00007f6a443b9911 [0x00007f6a443b9880+0x91]
J 400 C1 java.lang.ClassLoader.defineClass(Ljava/lang/String;[BIILjava/security/ProtectionDomain;)Ljava/lang/Class; (43 bytes) @ 0x00007f6a4439da5c [0x00007f6a4439d480+0x5dc]
J 3727 C1 java.security.SecureClassLoader.defineClass(Ljava/lang/String;[BIILjava/security/CodeSource;)Ljava/lang/Class; (16 bytes) @ 0x00007f6a44d7fb2c [0x00007f6a44d7fa80+0xac]
J 3185 C2 java.net.URLClassLoader$1.run()Ljava/lang/Class; (63 bytes) @ 0x00007f6a44d0dea4 [0x00007f6a44d0c220+0x1c84]
J 4001 C1 java.net.URLClassLoader$1.run()Ljava/lang/Object; (5 bytes) @ 0x00007f6a44e82b7c [0x00007f6a44e82b00+0x7c]
v  ~StubRoutines::call_stub
J 155  java.security.AccessController.doPrivileged(Ljava/security/PrivilegedExceptionAction;Ljava/security/AccessControlContext;)Ljava/lang/Object; (0 bytes) @ 0x00007f6a442cda23 [0x00007f6a442cd9c0+0x63]
J 3183 C2 java.net.URLClassLoader.findClass(Ljava/lang/String;)Ljava/lang/Class; (47 bytes) @ 0x00007f6a44beb2bc [0x00007f6a44beb220+0x9c]
J 2872 C1 org.codehaus.plexus.classworlds.realm.ClassRealm.loadClassFromSelf(Ljava/lang/String;)Ljava/lang/Class; (40 bytes) @ 0x00007f6a44ab7bf4 [0x00007f6a44ab7800+0x3f4]
J 2780 C1 org.codehaus.plexus.classworlds.strategy.SelfFirstStrategy.loadClass(Ljava/lang/String;)Ljava/lang/Class; (50 bytes) @ 0x00007f6a44a52b1c [0x00007f6a44a52740+0x3dc]
J 2792 C1 org.codehaus.plexus.classworlds.realm.ClassRealm.loadClass(Ljava/lang/String;)Ljava/lang/Class; (7 bytes) @ 0x00007f6a44a5562c [0x00007f6a44a553a0+0x28c]
v  ~StubRoutines::call_stub
J 457  java.lang.ClassLoader.defineClass1(Ljava/lang/String;[BIILjava/security/ProtectionDomain;Ljava/lang/String;)Ljava/lang/Class; (0 bytes) @ 0x00007f6a443b9911 [0x00007f6a443b9880+0x91]
J 400 C1 java.lang.ClassLoader.defineClass(Ljava/lang/String;[BIILjava/security/ProtectionDomain;)Ljava/lang/Class; (43 bytes) @ 0x00007f6a4439da5c [0x00007f6a4439d480+0x5dc]
J 3727 C1 java.security.SecureClassLoader.defineClass(Ljava/lang/String;[BIILjava/security/CodeSource;)Ljava/lang/Class; (16 bytes) @ 0x00007f6a44d7fb2c [0x00007f6a44d7fa80+0xac]
J 3185 C2 java.net.URLClassLoader$1.run()Ljava/lang/Class; (63 bytes) @ 0x00007f6a44d0dea4 [0x00007f6a44d0c220+0x1c84]
J 4001 C1 java.net.URLClassLoader$1.run()Ljava/lang/Object; (5 bytes) @ 0x00007f6a44e82b7c [0x00007f6a44e82b00+0x7c]
v  ~StubRoutines::call_stub
J 155  java.security.AccessController.doPrivileged(Ljava/security/PrivilegedExceptionAction;Ljava/security/AccessControlContext;)Ljava/lang/Object; (0 bytes) @ 0x00007f6a442cda23 [0x00007f6a442cd9c0+0x63]
J 3183 C2 java.net.URLClassLoader.findClass(Ljava/lang/String;)Ljava/lang/Class; (47 bytes) @ 0x00007f6a44beb2bc [0x00007f6a44beb220+0x9c]
J 2872 C1 org.codehaus.plexus.classworlds.realm.ClassRealm.loadClassFromSelf(Ljava/lang/String;)Ljava/lang/Class; (40 bytes) @ 0x00007f6a44ab7bf4 [0x00007f6a44ab7800+0x3f4]
J 2780 C1 org.codehaus.plexus.classworlds.strategy.SelfFirstStrategy.loadClass(Ljava/lang/String;)Ljava/lang/Class; (50 bytes) @ 0x00007f6a44a52b1c [0x00007f6a44a52740+0x3dc]
J 2792 C1 org.codehaus.plexus.classworlds.realm.ClassRealm.loadClass(Ljava/lang/String;)Ljava/lang/Class; (7 bytes) @ 0x00007f6a44a5562c [0x00007f6a44a553a0+0x28c]
v  ~StubRoutines::call_stub
J 457  java.lang.ClassLoader.defineClass1(Ljava/lang/String;[BIILjava/security/ProtectionDomain;Ljava/lang/String;)Ljava/lang/Class; (0 bytes) @ 0x00007f6a443b9911 [0x00007f6a443b9880+0x91]
J 400 C1 java.lang.ClassLoader.defineClass(Ljava/lang/String;[BIILjava/security/ProtectionDomain;)Ljava/lang/Class; (43 bytes) @ 0x00007f6a4439da5c [0x00007f6a4439d480+0x5dc]
J 3727 C1 java.security.SecureClassLoader.defineClass(Ljava/lang/String;[BIILjava/security/CodeSource;)Ljava/lang/Class; (16 bytes) @ 0x00007f6a44d7fb2c [0x00007f6a44d7fa80+0xac]
J 3185 C2 java.net.URLClassLoader$1.run()Ljava/lang/Class; (63 bytes) @ 0x00007f6a44d0dea4 [0x00007f6a44d0c220+0x1c84]
J 4001 C1 java.net.URLClassLoader$1.run()Ljava/lang/Object; (5 bytes) @ 0x00007f6a44e82b7c [0x00007f6a44e82b00+0x7c]
v  ~StubRoutines::call_stub
J 155  java.security.AccessController.doPrivileged(Ljava/security/PrivilegedExceptionAction;Ljava/security/AccessControlContext;)Ljava/lang/Object; (0 bytes) @ 0x00007f6a442cda23 [0x00007f6a442cd9c0+0x63]
J 3183 C2 java.net.URLClassLoader.findClass(Ljava/lang/String;)Ljava/lang/Class; (47 bytes) @ 0x00007f6a44beb2bc [0x00007f6a44beb220+0x9c]
J 2872 C1 org.codehaus.plexus.classworlds.realm.ClassRealm.loadClassFromSelf(Ljava/lang/String;)Ljava/lang/Class; (40 bytes) @ 0x00007f6a44ab7bf4 [0x00007f6a44ab7800+0x3f4]
J 2780 C1 org.codehaus.plexus.classworlds.strategy.SelfFirstStrategy.loadClass(Ljava/lang/String;)Ljava/lang/Class; (50 bytes) @ 0x00007f6a44a52b1c [0x00007f6a44a52740+0x3dc]
J 2792 C1 org.codehaus.plexus.classworlds.realm.ClassRealm.loadClass(Ljava/lang/String;)Ljava/lang/Class; (7 bytes) @ 0x00007f6a44a5562c [0x00007f6a44a553a0+0x28c]
v  ~StubRoutines::call_stub
J 457  java.lang.ClassLoader.defineClass1(Ljava/lang/String;[BIILjava/security/ProtectionDomain;Ljava/lang/String;)Ljava/lang/Class; (0 bytes) @ 0x00007f6a443b9911 [0x00007f6a443b9880+0x91]
J 400 C1 java.lang.ClassLoader.defineClass(Ljava/lang/String;[BIILjava/security/ProtectionDomain;)Ljava/lang/Class; (43 bytes) @ 0x00007f6a4439da5c [0x00007f6a4439d480+0x5dc]
J 3727 C1 java.security.SecureClassLoader.defineClass(Ljava/lang/String;[BIILjava/security/CodeSource;)Ljava/lang/Class; (16 bytes) @ 0x00007f6a44d7fb2c [0x00007f6a44d7fa80+0xac]
J 3185 C2 java.net.URLClassLoader$1.run()Ljava/lang/Class; (63 bytes) @ 0x00007f6a44d0dea4 [0x00007f6a44d0c220+0x1c84]
J 4001 C1 java.net.URLClassLoader$1.run()Ljava/lang/Object; (5 bytes) @ 0x00007f6a44e82b7c [0x00007f6a44e82b00+0x7c]
v  ~StubRoutines::call_stub
J 155  java.security.AccessController.doPrivileged(Ljava/security/PrivilegedExceptionAction;Ljava/security/AccessControlContext;)Ljava/lang/Object; (0 bytes) @ 0x00007f6a442cda23 [0x00007f6a442cd9c0+0x63]
J 3183 C2 java.net.URLClassLoader.findClass(Ljava/lang/String;)Ljava/lang/Class; (47 bytes) @ 0x00007f6a44beb2bc [0x00007f6a44beb220+0x9c]
J 2872 C1 org.codehaus.plexus.classworlds.realm.ClassRealm.loadClassFromSelf(Ljava/lang/String;)Ljava/lang/Class; (40 bytes) @ 0x00007f6a44ab7bf4 [0x00007f6a44ab7800+0x3f4]
J 2780 C1 org.codehaus.plexus.classworlds.strategy.SelfFirstStrategy.loadClass(Ljava/lang/String;)Ljava/lang/Class; (50 bytes) @ 0x00007f6a44a52b1c [0x00007f6a44a52740+0x3dc]
J 2792 C1 org.codehaus.plexus.classworlds.realm.ClassRealm.loadClass(Ljava/lang/String;)Ljava/lang/Class; (7 bytes) @ 0x00007f6a44a5562c [0x00007f6a44a553a0+0x28c]
v  ~StubRoutines::call_stub
J 1062  java.lang.Class.getDeclaredFields0(Z)[Ljava/lang/reflect/Field; (0 bytes) @ 0x00007f6a44586138 [0x00007f6a44586100+0x38]
J 811 C1 java.lang.Class.privateGetDeclaredFields(Z)[Ljava/lang/reflect/Field; (67 bytes) @ 0x00007f6a444dd27c [0x00007f6a444dcf60+0x31c]
J 854 C1 com.google.inject.spi.InjectionPoint.getInjectionPoints(Lcom/google/inject/TypeLiteral;ZLcom/google/inject/internal/Errors;)Ljava/util/Set; (489 bytes) @ 0x00007f6a444f7454 [0x00007f6a444f6d20+0x734]
J 879 C1 com.google.inject.spi.InjectionPoint.forInstanceMethodsAndFields(Lcom/google/inject/TypeLiteral;)Ljava/util/Set; (40 bytes) @ 0x00007f6a445057d4 [0x00007f6a44505640+0x194]
J 2733 C1 org.eclipse.sisu.wire.DependencyAnalyzer.analyzeImplementation(Lcom/google/inject/TypeLiteral;Z)Ljava/lang/Boolean; (133 bytes) @ 0x00007f6a44a391dc [0x00007f6a44a384c0+0xd1c]
j  org.eclipse.sisu.wire.DependencyAnalyzer.visit(Lcom/google/inject/spi/ProviderInstanceBinding;)Ljava/lang/Boolean;+33
j  org.eclipse.sisu.wire.DependencyAnalyzer.visit(Lcom/google/inject/spi/ProviderInstanceBinding;)Ljava/lang/Object;+5
J 1304 C1 com.google.inject.internal.ProviderInstanceBindingImpl.acceptTargetVisitor(Lcom/google/inject/spi/BindingTargetVisitor;)Ljava/lang/Object; (33 bytes) @ 0x00007f6a44603bb4 [0x00007f6a446037a0+0x414]
j  org.eclipse.sisu.wire.ElementAnalyzer.visit(Lcom/google/inject/Binding;)Ljava/lang/Void;+43
j  org.eclipse.sisu.wire.ElementAnalyzer.visit(Lcom/google/inject/Binding;)Ljava/lang/Object;+5
J 1052 C1 com.google.inject.internal.BindingImpl.acceptVisitor(Lcom/google/inject/spi/ElementVisitor;)Ljava/lang/Object; (8 bytes) @ 0x00007f6a4457ee4c [0x00007f6a4457ed40+0x10c]
j  org.eclipse.sisu.wire.WireModule.configure(Lcom/google/inject/Binder;)V+39
j  com.google.inject.spi.Elements$RecordingBinder.install(Lcom/google/inject/Module;)V+161
j  com.google.inject.spi.Elements.getElements(Lcom/google/inject/Stage;Ljava/lang/Iterable;)Ljava/util/List;+40
j  com.google.inject.internal.InjectorShell$Builder.build(Lcom/google/inject/internal/Initializer;Lcom/google/inject/internal/ProcessedBindingData;Lcom/google/inject/internal/util/Stopwatch;Lcom/google/inject/internal/Errors;)Ljava/util/List;+122
j  com.google.inject.internal.InternalInjectorCreator.build()Lcom/google/inject/Injector;+48
j  com.google.inject.Guice.createInjector(Lcom/google/inject/Stage;Ljava/lang/Iterable;)Lcom/google/inject/Injector;+15
j  com.google.inject.Guice.createInjector(Ljava/lang/Iterable;)Lcom/google/inject/Injector;+4
j  com.google.inject.Guice.createInjector([Lcom/google/inject/Module;)Lcom/google/inject/Injector;+4
j  org.codehaus.plexus.DefaultPlexusContainer.addPlexusInjector(Ljava/util/List;[Lcom/google/inject/Module;)Lcom/google/inject/Injector;+88
j  org.codehaus.plexus.DefaultPlexusContainer.discoverComponents(Lorg/codehaus/plexus/classworlds/realm/ClassRealm;[Lcom/google/inject/Module;)Ljava/util/List;+174
j  org.apache.maven.plugin.internal.DefaultMavenPluginManager.discoverPluginComponents(Lorg/codehaus/plexus/classworlds/realm/ClassRealm;Lorg/apache/maven/model/Plugin;Lorg/apache/maven/plugin/descriptor/PluginDescriptor;)V+97
j  org.apache.maven.plugin.internal.DefaultMavenPluginManager.createPluginRealm(Lorg/apache/maven/plugin/descriptor/PluginDescriptor;Lorg/apache/maven/execution/MavenSession;Ljava/lang/ClassLoader;Ljava/util/Map;Lorg/eclipse/aether/graph/DependencyFilter;)V+141
j  org.apache.maven.plugin.internal.DefaultMavenPluginManager.setupPluginRealm(Lorg/apache/maven/plugin/descriptor/PluginDescriptor;Lorg/apache/maven/execution/MavenSession;Ljava/lang/ClassLoader;Ljava/util/List;Lorg/eclipse/aether/graph/DependencyFilter;)V+263
j  org.apache.maven.plugin.DefaultBuildPluginManager.getPluginRealm(Lorg/apache/maven/execution/MavenSession;Lorg/apache/maven/plugin/descriptor/PluginDescriptor;)Lorg/codehaus/plexus/classworlds/realm/ClassRealm;+20
j  org.apache.maven.plugin.DefaultBuildPluginManager.executeMojo(Lorg/apache/maven/execution/MavenSession;Lorg/apache/maven/plugin/MojoExecution;)V+21
j  org.apache.maven.lifecycle.internal.MojoExecutor.execute(Lorg/apache/maven/execution/MavenSession;Lorg/apache/maven/plugin/MojoExecution;Lorg/apache/maven/lifecycle/internal/ProjectIndex;Lorg/apache/maven/lifecycle/internal/DependencyContext;)V+220
j  org.apache.maven.lifecycle.internal.MojoExecutor.execute(Lorg/apache/maven/execution/MavenSession;Lorg/apache/maven/plugin/MojoExecution;Lorg/apache/maven/lifecycle/internal/ProjectIndex;Lorg/apache/maven/lifecycle/internal/DependencyContext;Lorg/apache/maven/lifecycle/internal/PhaseRecorder;)V+6
j  org.apache.maven.lifecycle.internal.MojoExecutor.execute(Lorg/apache/maven/execution/MavenSession;Ljava/util/List;Lorg/apache/maven/lifecycle/internal/ProjectIndex;)V+60
j  org.apache.maven.lifecycle.internal.LifecycleModuleBuilder.buildProject(Lorg/apache/maven/execution/MavenSession;Lorg/apache/maven/execution/MavenSession;Lorg/apache/maven/lifecycle/internal/ReactorContext;Lorg/apache/maven/project/MavenProject;Lorg/apache/maven/lifecycle/internal/TaskSegment;)V+180
j  org.apache.maven.lifecycle.internal.LifecycleModuleBuilder.buildProject(Lorg/apache/maven/execution/MavenSession;Lorg/apache/maven/lifecycle/internal/ReactorContext;Lorg/apache/maven/project/MavenProject;Lorg/apache/maven/lifecycle/internal/TaskSegment;)V+7
j  org.apache.maven.lifecycle.internal.builder.singlethreaded.SingleThreadedBuilder.build(Lorg/apache/maven/execution/MavenSession;Lorg/apache/maven/lifecycle/internal/ReactorContext;Lorg/apache/maven/lifecycle/internal/ProjectBuildList;Ljava/util/List;Lorg/apache/maven/lifecycle/internal/ReactorBuildStatus;)V+77
j  org.apache.maven.lifecycle.internal.LifecycleStarter.execute(Lorg/apache/maven/execution/MavenSession;)V+353
j  org.apache.maven.DefaultMaven.doExecute(Lorg/apache/maven/execution/MavenExecutionRequest;Lorg/apache/maven/execution/MavenSession;Lorg/apache/maven/execution/MavenExecutionResult;Lorg/eclipse/aether/DefaultRepositorySystemSession;)Lorg/apache/maven/execution/MavenExecutionResult;+426
j  org.apache.maven.DefaultMaven.doExecute(Lorg/apache/maven/execution/MavenExecutionRequest;)Lorg/apache/maven/execution/MavenExecutionResult;+99
j  org.apache.maven.DefaultMaven.execute(Lorg/apache/maven/execution/MavenExecutionRequest;)Lorg/apache/maven/execution/MavenExecutionResult;+2
j  org.apache.maven.cli.MavenCli.execute(Lorg/apache/maven/cli/CliRequest;)I+27
j  org.apache.maven.cli.MavenCli.doMain(Lorg/apache/maven/cli/CliRequest;)I+66
j  org.apache.maven.cli.MavenCli.main([Ljava/lang/String;Lorg/codehaus/plexus/classworlds/ClassWorld;)I+24
v  ~StubRoutines::call_stub
j  sun.reflect.NativeMethodAccessorImpl.invoke0(Ljava/lang/reflect/Method;Ljava/lang/Object;[Ljava/lang/Object;)Ljava/lang/Object;+0
j  sun.reflect.NativeMethodAccessorImpl.invoke(Ljava/lang/Object;[Ljava/lang/Object;)Ljava/lang/Object;+100
j  sun.reflect.DelegatingMethodAccessorImpl.invoke(Ljava/lang/Object;[Ljava/lang/Object;)Ljava/lang/Object;+6
j  java.lang.reflect.Method.invoke(Ljava/lang/Object;[Ljava/lang/Object;)Ljava/lang/Object;+56
j  org.codehaus.plexus.classworlds.launcher.Launcher.launchEnhanced([Ljava/lang/String;)V+45
j  org.codehaus.plexus.classworlds.launcher.Launcher.launch([Ljava/lang/String;)V+2
j  org.codehaus.plexus.classworlds.launcher.Launcher.mainWithExitCode([Ljava/lang/String;)I+101
j  org.codehaus.plexus.classworlds.launcher.Launcher.main([Ljava/lang/String;)V+1
v  ~StubRoutines::call_stub

---------------  P R O C E S S  ---------------

Java Threads: ( => current thread )
  0x00007f6a540e0800 JavaThread "Service Thread" daemon [_thread_blocked, id=30819, stack(0x00007f6a39ff9000,0x00007f6a3a0fa000)]
  0x00007f6a540cd000 JavaThread "C1 CompilerThread3" daemon [_thread_blocked, id=30818, stack(0x00007f6a3a0fb000,0x00007f6a3a1fb000)]
  0x00007f6a540cb000 JavaThread "C2 CompilerThread2" daemon [_thread_blocked, id=30817, stack(0x00007f6a3a1fc000,0x00007f6a3a2fc000)]
  0x00007f6a540c9800 JavaThread "C2 CompilerThread1" daemon [_thread_in_native, id=30816, stack(0x00007f6a3a2fd000,0x00007f6a3a3fd000)]
  0x00007f6a540c6800 JavaThread "C2 CompilerThread0" daemon [_thread_in_native, id=30815, stack(0x00007f6a3a3fe000,0x00007f6a3a4fe000)]
  0x00007f6a540c5000 JavaThread "Signal Dispatcher" daemon [_thread_blocked, id=30814, stack(0x00007f6a3a4fe000,0x00007f6a3a5ff000)]
  0x00007f6a54091800 JavaThread "Finalizer" daemon [_thread_blocked, id=30813, stack(0x00007f6a3afcf000,0x00007f6a3b0d0000)]
  0x00007f6a5408f000 JavaThread "Reference Handler" daemon [_thread_blocked, id=30812, stack(0x00007f6a3b0d0000,0x00007f6a3b1d1000)]
=>0x00007f6a5400b800 JavaThread "main" [_thread_in_vm, id=30800, stack(0x00007f6a5a92a000,0x00007f6a5aa2a000)]

Other Threads:
  0x00007f6a54085800 VMThread [stack: 0x00007f6a3b1d2000,0x00007f6a3b2d2000] [id=30811]
  0x00007f6a540e3000 WatcherThread [stack: 0x00007f6a39ef9000,0x00007f6a39ff9000] [id=30820]

VM state:not at safepoint (normal execution)

VM Mutex/Monitor currently owned by a thread: None

heap address: 0x00000006c7c00000, size: 3972 MB, Compressed Oops mode: Zero based, Oop shift amount: 3
Narrow klass base: 0x0000000000000000, Narrow klass shift: 3
Compressed class space size: 1073741824 Address: 0x00000007c0000000

Heap:
 PSYoungGen      total 523776K, used 82603K [0x000000076d400000, 0x000000078f100000, 0x00000007c0000000)
  eden space 510464K, 16% used [0x000000076d400000,0x00000007724aafd0,0x000000078c680000)
  from space 13312K, 0% used [0x000000078d900000,0x000000078d900000,0x000000078e600000)
  to   space 18944K, 0% used [0x000000078c680000,0x000000078c680000,0x000000078d900000)
 ParOldGen       total 124928K, used 23046K [0x00000006c7c00000, 0x00000006cf600000, 0x000000076d400000)
  object space 124928K, 18% used [0x00000006c7c00000,0x00000006c9281ba8,0x00000006cf600000)
 Metaspace       used 22725K, capacity 23280K, committed 23552K, reserved 1071104K
  class space    used 2609K, capacity 2785K, committed 2816K, reserved 1048576K

Card table byte_map: [0x00007f6a435f2000,0x00007f6a43db5000] byte_map_base: 0x00007f6a3ffb4000

Marking Bits: (ParMarkBitMap*) 0x00007f6a59bc03c0
 Begin Bits: [0x00007f6a083e0000, 0x00007f6a0c1f0000)
 End Bits:   [0x00007f6a0c1f0000, 0x00007f6a10000000)

Polling page: 0x00007f6a5aa41000

CodeCache: size=245760Kb used=13742Kb max_used=13754Kb free=232017Kb
 bounds [0x00007f6a44175000, 0x00007f6a44ef5000, 0x00007f6a53175000]
 total_blobs=4469 nmethods=4078 adapters=304
 compilation: enabled

Compilation events (10 events):
Event: 2.531 Thread 0x00007f6a540c6800 4085       4       java.lang.Class::copyMethods (36 bytes)
Event: 2.531 Thread 0x00007f6a540cd000 nmethod 4091 0x00007f6a44ee8710 code [0x00007f6a44ee88e0, 0x00007f6a44ee9148]
Event: 2.531 Thread 0x00007f6a540cd000 4090   !   3       com.sun.proxy.$Proxy0::value (29 bytes)
Event: 2.531 Thread 0x00007f6a540cd000 nmethod 4090 0x00007f6a44ee7f90 code [0x00007f6a44ee8120, 0x00007f6a44ee8558]
Event: 2.531 Thread 0x00007f6a540cd000 4094       3       org.eclipse.sisu.wire.ElementAnalyzer::isParameters (23 bytes)
Event: 2.531 Thread 0x00007f6a540cd000 nmethod 4094 0x00007f6a44ee7950 code [0x00007f6a44ee7ae0, 0x00007f6a44ee7e68]
Event: 2.531 Thread 0x00007f6a540cd000 4093       3       com.google.common.collect.CollectPreconditions::checkNonnegative (37 bytes)
Event: 2.532 Thread 0x00007f6a540cd000 nmethod 4093 0x00007f6a44ee6f50 code [0x00007f6a44ee7120, 0x00007f6a44ee76f8]
Event: 2.532 Thread 0x00007f6a540cd000 4092       3       com.google.inject.spi.InjectionPoint$InjectableMembers::add (42 bytes)
Event: 2.532 Thread 0x00007f6a540cd000 nmethod 4092 0x00007f6a44ed9b50 code [0x00007f6a44ed9cc0, 0x00007f6a44ed9ef0]

GC Heap History (10 events):
Event: 1.393 GC heap before
{Heap before GC invocations=3 (full 0):
 PSYoungGen      total 139264K, used 139253K [0x000000076d400000, 0x0000000776600000, 0x00000007c0000000)
  eden space 129024K, 100% used [0x000000076d400000,0x0000000775200000,0x0000000775200000)
  from space 10240K, 99% used [0x0000000775c00000,0x00000007765fd750,0x0000000776600000)
  to   space 10240K, 0% used [0x0000000775200000,0x0000000775200000,0x0000000775c00000)
 ParOldGen       total 171008K, used 1768K [0x00000006c7c00000, 0x00000006d2300000, 0x000000076d400000)
  object space 171008K, 1% used [0x00000006c7c00000,0x00000006c7dba078,0x00000006d2300000)
 Metaspace       used 16119K, capacity 16446K, committed 16640K, reserved 1064960K
  class space    used 1873K, capacity 1985K, committed 2048K, reserved 1048576K
Event: 1.399 GC heap after
Heap after GC invocations=3 (full 0):
 PSYoungGen      total 139264K, used 10208K [0x000000076d400000, 0x000000077e400000, 0x00000007c0000000)
  eden space 129024K, 0% used [0x000000076d400000,0x000000076d400000,0x0000000775200000)
  from space 10240K, 99% used [0x0000000775200000,0x0000000775bf8040,0x0000000775c00000)
  to   space 10240K, 0% used [0x000000077da00000,0x000000077da00000,0x000000077e400000)
 ParOldGen       total 171008K, used 4198K [0x00000006c7c00000, 0x00000006d2300000, 0x000000076d400000)
  object space 171008K, 2% used [0x00000006c7c00000,0x00000006c8019938,0x00000006d2300000)
 Metaspace       used 16119K, capacity 16446K, committed 16640K, reserved 1064960K
  class space    used 1873K, capacity 1985K, committed 2048K, reserved 1048576K
}
Event: 1.464 GC heap before
{Heap before GC invocations=4 (full 0):
 PSYoungGen      total 139264K, used 139232K [0x000000076d400000, 0x000000077e400000, 0x00000007c0000000)
  eden space 129024K, 100% used [0x000000076d400000,0x0000000775200000,0x0000000775200000)
  from space 10240K, 99% used [0x0000000775200000,0x0000000775bf8040,0x0000000775c00000)
  to   space 10240K, 0% used [0x000000077da00000,0x000000077da00000,0x000000077e400000)
 ParOldGen       total 171008K, used 4198K [0x00000006c7c00000, 0x00000006d2300000, 0x000000076d400000)
  object space 171008K, 2% used [0x00000006c7c00000,0x00000006c8019938,0x00000006d2300000)
 Metaspace       used 16120K, capacity 16446K, committed 16640K, reserved 1064960K
  class space    used 1873K, capacity 1985K, committed 2048K, reserved 1048576K
Event: 1.469 GC heap after
Heap after GC invocations=4 (full 0):
 PSYoungGen      total 268288K, used 10228K [0x000000076d400000, 0x000000077e400000, 0x00000007c0000000)
  eden space 258048K, 0% used [0x000000076d400000,0x000000076d400000,0x000000077d000000)
  from space 10240K, 99% used [0x000000077da00000,0x000000077e3fd050,0x000000077e400000)
  to   space 10240K, 0% used [0x000000077d000000,0x000000077d000000,0x000000077da00000)
 ParOldGen       total 171008K, used 4806K [0x00000006c7c00000, 0x00000006d2300000, 0x000000076d400000)
  object space 171008K, 2% used [0x00000006c7c00000,0x00000006c80b1938,0x00000006d2300000)
 Metaspace       used 16120K, capacity 16446K, committed 16640K, reserved 1064960K
  class space    used 1873K, capacity 1985K, committed 2048K, reserved 1048576K
}
Event: 1.722 GC heap before
{Heap before GC invocations=5 (full 0):
 PSYoungGen      total 268288K, used 268276K [0x000000076d400000, 0x000000077e400000, 0x00000007c0000000)
  eden space 258048K, 100% used [0x000000076d400000,0x000000077d000000,0x000000077d000000)
  from space 10240K, 99% used [0x000000077da00000,0x000000077e3fd050,0x000000077e400000)
  to   space 10240K, 0% used [0x000000077d000000,0x000000077d000000,0x000000077da00000)
 ParOldGen       total 171008K, used 4806K [0x00000006c7c00000, 0x00000006d2300000, 0x000000076d400000)
  object space 171008K, 2% used [0x00000006c7c00000,0x00000006c80b1938,0x00000006d2300000)
 Metaspace       used 16306K, capacity 16580K, committed 16896K, reserved 1064960K
  class space    used 1879K, capacity 1986K, committed 2048K, reserved 1048576K
Event: 1.728 GC heap after
Heap after GC invocations=5 (full 0):
 PSYoungGen      total 268288K, used 10224K [0x000000076d400000, 0x000000078e600000, 0x00000007c0000000)
  eden space 258048K, 0% used [0x000000076d400000,0x000000076d400000,0x000000077d000000)
  from space 10240K, 99% used [0x000000077d000000,0x000000077d9fc030,0x000000077da00000)
  to   space 13312K, 0% used [0x000000078d900000,0x000000078d900000,0x000000078e600000)
 ParOldGen       total 171008K, used 4910K [0x00000006c7c00000, 0x00000006d2300000, 0x000000076d400000)
  object space 171008K, 2% used [0x00000006c7c00000,0x00000006c80cb910,0x00000006d2300000)
 Metaspace       used 16306K, capacity 16580K, committed 16896K, reserved 1064960K
  class space    used 1879K, capacity 1986K, committed 2048K, reserved 1048576K
}
Event: 2.136 GC heap before
{Heap before GC invocations=6 (full 0):
 PSYoungGen      total 268288K, used 123893K [0x000000076d400000, 0x000000078e600000, 0x00000007c0000000)
  eden space 258048K, 44% used [0x000000076d400000,0x0000000774301678,0x000000077d000000)
  from space 10240K, 99% used [0x000000077d000000,0x000000077d9fc030,0x000000077da00000)
  to   space 13312K, 0% used [0x000000078d900000,0x000000078d900000,0x000000078e600000)
 ParOldGen       total 171008K, used 4910K [0x00000006c7c00000, 0x00000006d2300000, 0x000000076d400000)
  object space 171008K, 2% used [0x00000006c7c00000,0x00000006c80cb910,0x00000006d2300000)
 Metaspace       used 20766K, capacity 21096K, committed 21296K, reserved 1069056K
  class space    used 2439K, capacity 2578K, committed 2688K, reserved 1048576K
Event: 2.149 GC heap after
Heap after GC invocations=6 (full 0):
 PSYoungGen      total 523776K, used 13308K [0x000000076d400000, 0x000000078f100000, 0x00000007c0000000)
  eden space 510464K, 0% used [0x000000076d400000,0x000000076d400000,0x000000078c680000)
  from space 13312K, 99% used [0x000000078d900000,0x000000078e5ff078,0x000000078e600000)
  to   space 18944K, 0% used [0x000000078c680000,0x000000078c680000,0x000000078d900000)
 ParOldGen       total 171008K, used 12637K [0x00000006c7c00000, 0x00000006d2300000, 0x000000076d400000)
  object space 171008K, 7% used [0x00000006c7c00000,0x00000006c8857458,0x00000006d2300000)
 Metaspace       used 20766K, capacity 21096K, committed 21296K, reserved 1069056K
  class space    used 2439K, capacity 2578K, committed 2688K, reserved 1048576K
}
Event: 2.149 GC heap before
{Heap before GC invocations=7 (full 1):
 PSYoungGen      total 523776K, used 13308K [0x000000076d400000, 0x000000078f100000, 0x00000007c0000000)
  eden space 510464K, 0% used [0x000000076d400000,0x000000076d400000,0x000000078c680000)
  from space 13312K, 99% used [0x000000078d900000,0x000000078e5ff078,0x000000078e600000)
  to   space 18944K, 0% used [0x000000078c680000,0x000000078c680000,0x000000078d900000)
 ParOldGen       total 171008K, used 12637K [0x00000006c7c00000, 0x00000006d2300000, 0x000000076d400000)
  object space 171008K, 7% used [0x00000006c7c00000,0x00000006c8857458,0x00000006d2300000)
 Metaspace       used 20766K, capacity 21096K, committed 21296K, reserved 1069056K
  class space    used 2439K, capacity 2578K, committed 2688K, reserved 1048576K
Event: 2.198 GC heap after
Heap after GC invocations=7 (full 1):
 PSYoungGen      total 523776K, used 0K [0x000000076d400000, 0x000000078f100000, 0x00000007c0000000)
  eden space 510464K, 0% used [0x000000076d400000,0x000000076d400000,0x000000078c680000)
  from space 13312K, 0% used [0x000000078d900000,0x000000078d900000,0x000000078e600000)
  to   space 18944K, 0% used [0x000000078c680000,0x000000078c680000,0x000000078d900000)
 ParOldGen       total 124928K, used 23046K [0x00000006c7c00000, 0x00000006cf600000, 0x000000076d400000)
  object space 124928K, 18% used [0x00000006c7c00000,0x00000006c9281ba8,0x00000006cf600000)
 Metaspace       used 20766K, capacity 21096K, committed 21296K, reserved 1069056K
  class space    used 2439K, capacity 2578K, committed 2688K, reserved 1048576K
}

Deoptimization events (10 events):
Event: 2.474 Thread 0x00007f6a5400b800 Uncommon trap: reason=unstable_if action=reinterpret pc=0x00007f6a44db0570 method=java.lang.ClassLoader.getPackage(Ljava/lang/String;)Ljava/lang/Package; @ 60
Event: 2.481 Thread 0x00007f6a5400b800 Uncommon trap: reason=unstable_if action=reinterpret pc=0x00007f6a446358d8 method=com.google.inject.internal.MoreTypes.canonicalize(Ljava/lang/reflect/Type;)Ljava/lang/reflect/Type; @ 16
Event: 2.481 Thread 0x00007f6a5400b800 Uncommon trap: reason=class_check action=maybe_recompile pc=0x00007f6a4461ca78 method=com.google.inject.internal.MoreTypes.getRawType(Ljava/lang/reflect/Type;)Ljava/lang/Class; @ 13
Event: 2.481 Thread 0x00007f6a5400b800 Uncommon trap: reason=unstable_if action=reinterpret pc=0x00007f6a44622420 method=com.google.inject.internal.MoreTypes.canonicalize(Ljava/lang/reflect/Type;)Ljava/lang/reflect/Type; @ 16
Event: 2.481 Thread 0x00007f6a5400b800 Uncommon trap: reason=class_check action=maybe_recompile pc=0x00007f6a4461ca78 method=com.google.inject.internal.MoreTypes.getRawType(Ljava/lang/reflect/Type;)Ljava/lang/Class; @ 13
Event: 2.481 Thread 0x00007f6a5400b800 Uncommon trap: reason=class_check action=maybe_recompile pc=0x00007f6a4461ca78 method=com.google.inject.internal.MoreTypes.getRawType(Ljava/lang/reflect/Type;)Ljava/lang/Class; @ 13
Event: 2.484 Thread 0x00007f6a5400b800 Uncommon trap: reason=class_check action=maybe_recompile pc=0x00007f6a4461ca78 method=com.google.inject.internal.MoreTypes.getRawType(Ljava/lang/reflect/Type;)Ljava/lang/Class; @ 13
Event: 2.486 Thread 0x00007f6a5400b800 Uncommon trap: reason=unstable_if action=reinterpret pc=0x00007f6a44a74924 method=java.lang.StringCoding.encode(Ljava/lang/String;[CII)[B @ 38
Event: 2.515 Thread 0x00007f6a5400b800 Uncommon trap: reason=unstable_if action=reinterpret pc=0x00007f6a44b9b990 method=org.codehaus.plexus.util.xml.pull.MXParser.parseAttribute()C @ 1002
Event: 2.519 Thread 0x00007f6a5400b800 Uncommon trap: reason=bimorphic action=maybe_recompile pc=0x00007f6a44881100 method=org.eclipse.sisu.inject.Guice4.getDeclaringSource(Lcom/google/inject/Binding;)Ljava/lang/Object; @ 1

Classes redefined (0 events):
No events

Internal exceptions (10 events):
Event: 0.745 Thread 0x00007f6a5400b800 Implicit null exception at 0x00007f6a44357db6 to 0x00007f6a44358175
Event: 0.976 Thread 0x00007f6a5400b800 Implicit null exception at 0x00007f6a4452b2f5 to 0x00007f6a4452b505
Event: 0.976 Thread 0x00007f6a5400b800 Implicit null exception at 0x00007f6a444d966f to 0x00007f6a444d96d9
Event: 1.016 Thread 0x00007f6a5400b800 Implicit null exception at 0x00007f6a447a672f to 0x00007f6a447a6c79
Event: 1.032 Thread 0x00007f6a5400b800 Implicit null exception at 0x00007f6a448b0dce to 0x00007f6a448b1949
Event: 1.927 Thread 0x00007f6a5400b800 Exception <a 'java/lang/ClassNotFoundException': com/sun/tools/javac/api/JavacTool> (0x000000077220fb90) thrown at [/build/openjdk-8-fPix8r/openjdk-8-8u212-b03/src/hotspot/src/share/vm/classfile/systemDictionary.cpp, line 210]
Event: 2.102 Thread 0x00007f6a5400b800 Exception <a 'java/io/FileNotFoundException'> (0x000000077386d1c8) thrown at [/build/openjdk-8-fPix8r/openjdk-8-8u212-b03/src/hotspot/src/share/vm/prims/jni.cpp, line 710]
Event: 2.103 Thread 0x00007f6a5400b800 Exception <a 'java/io/FileNotFoundException'> (0x00000007738938f8) thrown at [/build/openjdk-8-fPix8r/openjdk-8-8u212-b03/src/hotspot/src/share/vm/prims/jni.cpp, line 710]
Event: 2.103 Thread 0x00007f6a5400b800 Exception <a 'java/io/FileNotFoundException'> (0x00000007738944e8) thrown at [/build/openjdk-8-fPix8r/openjdk-8-8u212-b03/src/hotspot/src/share/vm/prims/jni.cpp, line 710]
Event: 2.433 Thread 0x00007f6a5400b800 Implicit null exception at 0x00007f6a44bedafc to 0x00007f6a44bf574d

Events (10 events):
Event: 2.533 loading class org/codehaus/plexus/archiver/FilterEnabled
Event: 2.533 loading class org/codehaus/plexus/archiver/FilterEnabled done
Event: 2.533 loading class org/codehaus/plexus/archiver/FinalizerEnabled
Event: 2.533 loading class org/codehaus/plexus/archiver/FinalizerEnabled done
Event: 2.533 loading class org/codehaus/plexus/archiver/FinalizerEnabled
Event: 2.533 loading class org/codehaus/plexus/archiver/FinalizerEnabled done
Event: 2.533 loading class org/codehaus/plexus/logging/AbstractLogEnabled
Event: 2.533 loading class org/codehaus/plexus/logging/AbstractLogEnabled done
Event: 2.533 loading class org/codehaus/plexus/logging/AbstractLogEnabled
Event: 2.533 loading class org/codehaus/plexus/logging/AbstractLogEnabled done


Dynamic libraries:
6c7c00000-6cf600000 rw-p 00000000 00:00 0 
6cf600000-76d400000 ---p 00000000 00:00 0 
76d400000-78f100000 rw-p 00000000 00:00 0 
78f100000-7c0000000 ---p 00000000 00:00 0 
7c0000000-7c02c0000 rw-p 00000000 00:00 0 
7c02c0000-800000000 ---p 00000000 00:00 0 
557eec4d3000-557eec4d4000 r-xp 00000000 08:13 5247912                    /usr/lib/jvm/java-8-openjdk-amd64/jre/bin/java
557eec6d3000-557eec6d4000 r--p 00000000 08:13 5247912                    /usr/lib/jvm/java-8-openjdk-amd64/jre/bin/java
557eec6d4000-557eec6d5000 rw-p 00001000 08:13 5247912                    /usr/lib/jvm/java-8-openjdk-amd64/jre/bin/java
557eed9b7000-557eed9d8000 rw-p 00000000 00:00 0                          [heap]
7f69d4000000-7f69d4021000 rw-p 00000000 00:00 0 
7f69d4021000-7f69d8000000 ---p 00000000 00:00 0 
7f69dc000000-7f69dce0d000 rw-p 00000000 00:00 0 
7f69dce0d000-7f69e0000000 ---p 00000000 00:00 0 
7f69e0000000-7f69e0021000 rw-p 00000000 00:00 0 
7f69e0021000-7f69e4000000 ---p 00000000 00:00 0 
7f69e4000000-7f69e5026000 rw-p 00000000 00:00 0 
7f69e5026000-7f69e8000000 ---p 00000000 00:00 0 
7f69e8000000-7f69e968d000 rw-p 00000000 00:00 0 
7f69e968d000-7f69ec000000 ---p 00000000 00:00 0 
7f69ec000000-7f69ec021000 rw-p 00000000 00:00 0 
7f69ec021000-7f69f0000000 ---p 00000000 00:00 0 
7f69f0000000-7f69f1321000 rw-p 00000000 00:00 0 
7f69f1321000-7f69f4000000 ---p 00000000 00:00 0 
7f69f4000000-7f69f4021000 rw-p 00000000 00:00 0 
7f69f4021000-7f69f8000000 ---p 00000000 00:00 0 
7f69f8000000-7f69f8021000 rw-p 00000000 00:00 0 
7f69f8021000-7f69fc000000 ---p 00000000 00:00 0 
7f69fc000000-7f69fc021000 rw-p 00000000 00:00 0 
7f69fc021000-7f6a00000000 ---p 00000000 00:00 0 
7f6a00000000-7f6a00021000 rw-p 00000000 00:00 0 
7f6a00021000-7f6a04000000 ---p 00000000 00:00 0 
7f6a04000000-7f6a04021000 rw-p 00000000 00:00 0 
7f6a04021000-7f6a08000000 ---p 00000000 00:00 0 
7f6a083e0000-7f6a10000000 rw-p 00000000 00:00 0 
7f6a10000000-7f6a10021000 rw-p 00000000 00:00 0 
7f6a10021000-7f6a14000000 ---p 00000000 00:00 0 
7f6a18000000-7f6a18021000 rw-p 00000000 00:00 0 
7f6a18021000-7f6a1c000000 ---p 00000000 00:00 0 
7f6a1c000000-7f6a1c021000 rw-p 00000000 00:00 0 
7f6a1c021000-7f6a20000000 ---p 00000000 00:00 0 
7f6a24000000-7f6a24021000 rw-p 00000000 00:00 0 
7f6a24021000-7f6a28000000 ---p 00000000 00:00 0 
7f6a2c000000-7f6a2c021000 rw-p 00000000 00:00 0 
7f6a2c021000-7f6a30000000 ---p 00000000 00:00 0 
7f6a30000000-7f6a30021000 rw-p 00000000 00:00 0 
7f6a30021000-7f6a34000000 ---p 00000000 00:00 0 
7f6a34000000-7f6a34021000 rw-p 00000000 00:00 0 
7f6a34021000-7f6a38000000 ---p 00000000 00:00 0 
7f6a38560000-7f6a385a0000 rw-p 00000000 00:00 0 
7f6a385a0000-7f6a38760000 ---p 00000000 00:00 0 
7f6a38760000-7f6a38960000 rw-p 00000000 00:00 0 
7f6a38ab3000-7f6a38ab7000 r--s 00014000 08:13 787151                     /home/wwinw121/.m2/repository/org/tukaani/xz/1.2/xz-1.2.jar
7f6a38ab7000-7f6a38abc000 r--s 0003a000 08:13 787153                     /home/wwinw121/.m2/repository/org/apache/commons/commons-compress/1.5/commons-compress-1.5.jar
7f6a38abc000-7f6a38abf000 r--s 0000c000 08:13 787149                     /home/wwinw121/.m2/repository/org/codehaus/plexus/plexus-io/2.0.10/plexus-io-2.0.10.jar
7f6a38abf000-7f6a38ac4000 r--s 00024000 08:13 787155                     /home/wwinw121/.m2/repository/org/codehaus/plexus/plexus-archiver/2.4.4/plexus-archiver-2.4.4.jar
7f6a38ac4000-7f6a38ac8000 r--s 00037000 08:13 787147                     /home/wwinw121/.m2/repository/org/codehaus/plexus/plexus-utils/3.0.15/plexus-utils-3.0.15.jar
7f6a38ac8000-7f6a38aca000 r--s 0000d000 08:13 656116                     /home/wwinw121/.m2/repository/org/codehaus/plexus/plexus-interpolation/1.15/plexus-interpolation-1.15.jar
7f6a38aca000-7f6a38acc000 r--s 00004000 08:13 656114                     /home/wwinw121/.m2/repository/org/apache/maven/maven-archiver/2.5/maven-archiver-2.5.jar
7f6a38acc000-7f6a38ace000 r--s 00005000 08:13 786699                     /home/wwinw121/.m2/repository/org/apache/maven/plugins/maven-jar-plugin/2.5/maven-jar-plugin-2.5.jar
7f6a38ace000-7f6a38ad0000 r--s 00002000 08:13 787107                     /home/wwinw121/.m2/repository/org/apache/maven/plugin-tools/maven-plugin-annotations/3.3/maven-plugin-annotations-3.3.jar
7f6a38ad0000-7f6a38ad5000 r--s 00020000 08:13 787105                     /home/wwinw121/.m2/repository/org/apache/maven/surefire/surefire-api/2.18.1/surefire-api-2.18.1.jar
7f6a38ad5000-7f6a38adb000 r--s 00048000 08:13 656076                     /home/wwinw121/.m2/repository/org/apache/commons/commons-lang3/3.1/commons-lang3-3.1.jar
7f6a38adb000-7f6a38add000 r--s 00002000 08:13 395097                     /home/wwinw121/.m2/repository/org/sonatype/plexus/plexus-cipher/1.4/plexus-cipher-1.4.jar
7f6a38add000-7f6a38ade000 r--s 00006000 08:13 395095                     /home/wwinw121/.m2/repository/org/sonatype/plexus/plexus-sec-dispatcher/1.3/plexus-sec-dispatcher-1.3.jar
7f6a38ade000-7f6a38adf000 r--s 00002000 08:13 395683                     /home/wwinw121/.m2/repository/org/apache/maven/reporting/maven-reporting-api/3.0/maven-reporting-api-3.0.jar
7f6a38adf000-7f6a38ae1000 r--s 00003000 08:13 395682                     /home/wwinw121/.m2/repository/org/slf4j/jcl-over-slf4j/1.5.6/jcl-over-slf4j-1.5.6.jar
7f6a38ae1000-7f6a38ae3000 r--s 00001000 08:13 395677                     /home/wwinw121/.m2/repository/org/slf4j/slf4j-jdk14/1.5.6/slf4j-jdk14-1.5.6.jar
7f6a38ae3000-7f6a38ae5000 r--s 0000b000 08:13 395670                     /home/wwinw121/.m2/repository/org/codehaus/plexus/plexus-interpolation/1.11/plexus-interpolation-1.11.jar
7f6a38ae5000-7f6a38aed000 r--s 00049000 08:13 395668                     /home/wwinw121/.m2/repository/backport-util-concurrent/backport-util-concurrent/3.1/backport-util-concurrent-3.1.jar
7f6a38aed000-7f6a38af1000 r--s 00034000 08:13 395648                     /home/wwinw121/.m2/repository/org/codehaus/plexus/plexus-utils/1.5.15/plexus-utils-1.5.15.jar
7f6a38af1000-7f6a38af3000 r--s 00008000 08:13 787109                     /home/wwinw121/.m2/repository/org/apache/maven/surefire/surefire-booter/2.18.1/surefire-booter-2.18.1.jar
7f6a38af3000-7f6a38af9000 r--s 0003e000 08:13 528272                     /home/wwinw121/.m2/repository/org/apache/maven/surefire/maven-surefire-common/2.18.1/maven-surefire-common-2.18.1.jar
7f6a38af9000-7f6a38afb000 r--s 00008000 08:13 395872                     /home/wwinw121/.m2/repository/org/apache/maven/plugins/maven-surefire-plugin/2.18.1/maven-surefire-plugin-2.18.1.jar
7f6a38afb000-7f6a38cfb000 rw-p 00000000 00:00 0 
7f6a38cfb000-7f6a38d75000 r--s 01103000 08:13 5247830                    /usr/lib/jvm/java-8-openjdk-amd64/lib/tools.jar
7f6a38d75000-7f6a38d78000 r--s 0001b000 08:13 655975                     /home/wwinw121/.m2/repository/junit/junit/3.8.2/junit-3.8.2.jar
7f6a38d78000-7f6a38d86000 r--s 0008f000 08:13 528253                     /home/wwinw121/.m2/repository/com/google/collections/google-collections/1.0/google-collections-1.0.jar
7f6a38d86000-7f6a38d87000 r--s 0000a000 08:13 656016                     /home/wwinw121/.m2/repository/commons-logging/commons-logging-api/1.1/commons-logging-api-1.1.jar
7f6a38d87000-7f6a38d8e000 r--s 00051000 08:13 528251                     /home/wwinw121/.m2/repository/log4j/log4j/1.2.12/log4j-1.2.12.jar
7f6a38d8e000-7f6a38d92000 r--s 0001d000 08:13 656015                     /home/wwinw121/.m2/repository/org/apache/xbean/xbean-reflect/3.4/xbean-reflect-3.4.jar
7f6a38d92000-7f6a38d93000 r--s 00004000 08:13 656009                     /home/wwinw121/.m2/repository/org/codehaus/plexus/plexus-compiler-javac/2.2/plexus-compiler-javac-2.2.jar
7f6a38d93000-7f6a38d95000 r--s 00000000 08:13 656008                     /home/wwinw121/.m2/repository/org/codehaus/plexus/plexus-compiler-manager/2.2/plexus-compiler-manager-2.2.jar
7f6a38d95000-7f6a38d97000 r--s 00005000 08:13 656004                     /home/wwinw121/.m2/repository/org/codehaus/plexus/plexus-compiler-api/2.2/plexus-compiler-api-2.2.jar
7f6a38d97000-7f6a38d99000 r--s 00000000 08:13 655977                     /home/wwinw121/.m2/repository/org/codehaus/plexus/plexus-component-annotations/1.5.5/plexus-component-annotations-1.5.5.jar
7f6a38d99000-7f6a38d9b000 r--s 00002000 08:13 395521                     /home/wwinw121/.m2/repository/org/apache/maven/shared/maven-shared-incremental/1.1/maven-shared-incremental-1.1.jar
7f6a38d9b000-7f6a38d9d000 r--s 00006000 08:13 395110                     /home/wwinw121/.m2/repository/com/google/code/findbugs/jsr305/2.0.1/jsr305-2.0.1.jar
7f6a38d9d000-7f6a38da0000 r--s 00023000 08:13 395849                     /home/wwinw121/.m2/repository/org/apache/maven/shared/maven-shared-utils/0.1/maven-shared-utils-0.1.jar
7f6a38da0000-7f6a38da4000 r--s 00030000 08:13 655978                     /home/wwinw121/.m2/repository/org/codehaus/plexus/plexus-utils/1.5.1/plexus-utils-1.5.1.jar
7f6a38da4000-7f6a38da6000 r--s 00009000 08:13 655680                     /home/wwinw121/.m2/repository/org/apache/maven/plugins/maven-compiler-plugin/3.1/maven-compiler-plugin-3.1.jar
7f6a38da6000-7f6a38fa6000 rw-p 00000000 00:00 0 
7f6a38fa6000-7f6a38fa8000 r--s 0000d000 08:13 655839                     /home/wwinw121/.m2/repository/org/codehaus/plexus/plexus-interpolation/1.13/plexus-interpolation-1.13.jar
7f6a38fa8000-7f6a38faa000 r--s 00009000 08:13 655828                     /home/wwinw121/.m2/repository/org/apache/maven/shared/maven-filtering/1.1/maven-filtering-1.1.jar
7f6a38faa000-7f6a38fae000 r--s 00033000 08:13 395847                     /home/wwinw121/.m2/repository/org/codehaus/plexus/plexus-utils/2.0.5/plexus-utils-2.0.5.jar
7f6a38fae000-7f6a38fbf000 r-xp 00000000 08:13 5247952                    /usr/lib/jvm/java-8-openjdk-amd64/jre/lib/amd64/libnio.so
7f6a38fbf000-7f6a391be000 ---p 00011000 08:13 5247952                    /usr/lib/jvm/java-8-openjdk-amd64/jre/lib/amd64/libnio.so
7f6a391be000-7f6a391bf000 r--p 00010000 08:13 5247952                    /usr/lib/jvm/java-8-openjdk-amd64/jre/lib/amd64/libnio.so
7f6a391bf000-7f6a391c0000 rw-p 00011000 08:13 5247952                    /usr/lib/jvm/java-8-openjdk-amd64/jre/lib/amd64/libnio.so
7f6a391c0000-7f6a391d6000 r-xp 00000000 08:13 5247951                    /usr/lib/jvm/java-8-openjdk-amd64/jre/lib/amd64/libnet.so
7f6a391d6000-7f6a393d5000 ---p 00016000 08:13 5247951                    /usr/lib/jvm/java-8-openjdk-amd64/jre/lib/amd64/libnet.so
7f6a393d5000-7f6a393d6000 r--p 00015000 08:13 5247951                    /usr/lib/jvm/java-8-openjdk-amd64/jre/lib/amd64/libnet.so
7f6a393d6000-7f6a393d7000 rw-p 00016000 08:13 5247951                    /usr/lib/jvm/java-8-openjdk-amd64/jre/lib/amd64/libnet.so
7f6a393d7000-7f6a395d7000 rw-p 00000000 00:00 0 
7f6a395d7000-7f6a397d7000 rw-p 00000000 00:00 0 
7f6a397d7000-7f6a399d7000 rw-p 00000000 00:00 0 
7f6a399d7000-7f6a399d9000 r-xp 00000000 08:13 15733605                   /lib/x86_64-linux-gnu/libutil-2.27.so
7f6a399d9000-7f6a39bd8000 ---p 00002000 08:13 15733605                   /lib/x86_64-linux-gnu/libutil-2.27.so
7f6a39bd8000-7f6a39bd9000 r--p 00001000 08:13 15733605                   /lib/x86_64-linux-gnu/libutil-2.27.so
7f6a39bd9000-7f6a39bda000 rw-p 00002000 08:13 15733605                   /lib/x86_64-linux-gnu/libutil-2.27.so
7f6a39bda000-7f6a39bdb000 r--s 00001000 08:13 655838                     /home/wwinw121/.m2/repository/org/sonatype/plexus/plexus-build-api/0.0.4/plexus-build-api-0.0.4.jar
7f6a39bdb000-7f6a39bde000 r--s 0001b000 08:13 527960                     /home/wwinw121/.m2/repository/junit/junit/3.8.1/junit-3.8.1.jar
7f6a39bde000-7f6a39be0000 r--s 00002000 08:13 655827                     /home/wwinw121/.m2/repository/org/codehaus/plexus/plexus-interactivity-api/1.0-alpha-4/plexus-interactivity-api-1.0-alpha-4.jar
7f6a39be0000-7f6a39be2000 r--s 00006000 08:13 655823                     /home/wwinw121/.m2/repository/commons-cli/commons-cli/1.0/commons-cli-1.0.jar
7f6a39be2000-7f6a39be3000 r--s 00001000 08:13 655817                     /home/wwinw121/.m2/repository/org/apache/maven/doxia/doxia-sink-api/1.0-alpha-7/doxia-sink-api-1.0-alpha-7.jar
7f6a39be3000-7f6a39be4000 r--s 00002000 08:13 655814                     /home/wwinw121/.m2/repository/org/apache/maven/reporting/maven-reporting-api/2.0.6/maven-reporting-api-2.0.6.jar
7f6a39be4000-7f6a39be6000 r--s 00006000 08:13 655674                     /home/wwinw121/.m2/repository/org/apache/maven/plugins/maven-resources-plugin/2.6/maven-resources-plugin-2.6.jar
7f6a39be6000-7f6a39bea000 r--s 000a1000 08:13 5247996                    /usr/lib/jvm/java-8-openjdk-amd64/jre/lib/jsse.jar
7f6a39bea000-7f6a39bee000 r--s 0002f000 08:13 393396                     /usr/local/maven/lib/commons-io-2.5.jar
7f6a39bee000-7f6a39bf0000 r--s 0000c000 08:13 393407                     /usr/local/maven/lib/wagon-provider-api-3.2.0.jar
7f6a39bf0000-7f6a39bf3000 r-xp 00000000 08:13 393327                     /usr/local/maven/lib/jansi-native/linux64/libjansi.so
7f6a39bf3000-7f6a39df2000 ---p 00003000 08:13 393327                     /usr/local/maven/lib/jansi-native/linux64/libjansi.so
7f6a39df2000-7f6a39df3000 rw-p 00002000 08:13 393327                     /usr/local/maven/lib/jansi-native/linux64/libjansi.so
7f6a39df3000-7f6a39df6000 r--s 00026000 08:13 393395                     /usr/local/maven/lib/maven-shared-utils-3.2.1.jar
7f6a39df6000-7f6a39df8000 r--s 00009000 08:13 393411                     /usr/local/maven/lib/maven-resolver-connector-basic-1.3.1.jar
7f6a39df8000-7f6a39dfb000 r--s 00008000 08:13 393383                     /usr/local/maven/lib/cdi-api-1.0.jar
7f6a39dfb000-7f6a39dfc000 r--s 00000000 08:13 393385                     /usr/local/maven/lib/javax.inject-1.jar
7f6a39dfc000-7f6a39dfe000 r--s 00003000 08:13 393400                     /usr/local/maven/lib/jsr305-3.0.2.jar
7f6a39dfe000-7f6a39e00000 r--s 00001000 08:13 393403                     /usr/local/maven/lib/j2objc-annotations-1.1.jar
7f6a39e00000-7f6a39e04000 r--s 0003c000 08:13 393369                     /usr/local/maven/lib/plexus-utils-3.1.0.jar
7f6a39e04000-7f6a39e06000 r--s 00000000 08:13 393373                     /usr/local/maven/lib/plexus-component-annotations-1.7.1.jar
7f6a39e06000-7f6a39e36000 r--s 00249000 08:13 393399                     /usr/local/maven/lib/guava-25.1-android.jar
7f6a39e36000-7f6a39e37000 r--s 00003000 08:13 393371                     /usr/local/maven/lib/maven-builder-support-3.6.0.jar
7f6a39e37000-7f6a39e38000 r--s 00000000 08:13 393404                     /usr/local/maven/lib/animal-sniffer-annotations-1.14.jar
7f6a39e38000-7f6a39e3a000 r--s 0000a000 08:13 393381                     /usr/local/maven/lib/maven-plugin-api-3.6.0.jar
7f6a39e3a000-7f6a39e3c000 r--s 0000c000 08:13 393379                     /usr/local/maven/lib/maven-artifact-3.6.0.jar
7f6a39e3c000-7f6a39e43000 r--s 00056000 08:13 393386                     /usr/local/maven/lib/org.eclipse.sisu.inject-0.3.3.jar
7f6a39e43000-7f6a39e49000 r--s 0002d000 08:13 393382                     /usr/local/maven/lib/org.eclipse.sisu.plexus-0.3.3.jar
7f6a39e49000-7f6a39e4b000 r--s 0000c000 08:13 393405                     /usr/local/maven/lib/commons-cli-1.4.jar
7f6a39e4b000-7f6a39e4c000 r--s 00002000 08:13 393410                     /usr/local/maven/lib/wagon-file-3.2.0.jar
7f6a39e4c000-7f6a39e4e000 r--s 00009000 08:13 393394                     /usr/local/maven/lib/slf4j-api-1.7.25.jar
7f6a39e4e000-7f6a39e50000 r--s 00027000 08:13 393377                     /usr/local/maven/lib/maven-model-3.6.0.jar
7f6a39e50000-7f6a39e51000 r--s 00006000 08:13 393378                     /usr/local/maven/lib/maven-repository-metadata-3.6.0.jar
7f6a39e51000-7f6a39e53000 r--s 00006000 08:13 393401                     /usr/local/maven/lib/checker-compat-qual-2.0.0.jar
7f6a39e53000-7f6a39e56000 r--s 00007000 08:13 393391                     /usr/local/maven/lib/maven-resolver-spi-1.3.1.jar
7f6a39e56000-7f6a39e5b000 r--s 00027000 08:13 393388                     /usr/local/maven/lib/maven-model-builder-3.6.0.jar
7f6a39e5b000-7f6a39e5e000 r--s 00016000 08:13 393367                     /usr/local/maven/lib/maven-embedder-3.6.0.jar
7f6a39e5e000-7f6a39e5f000 r--s 00001000 08:13 393384                     /usr/local/maven/lib/jsr250-api-1.0.jar
7f6a39e5f000-7f6a39e61000 r--s 00002000 08:13 393375                     /usr/local/maven/lib/plexus-cipher-1.7.jar
7f6a39e61000-7f6a39e63000 r--s 00002000 08:13 393402                     /usr/local/maven/lib/error_prone_annotations-2.1.3.jar
7f6a39e63000-7f6a39e64000 r--s 00006000 08:13 393374                     /usr/local/maven/lib/plexus-sec-dispatcher-1.4.jar
7f6a39e64000-7f6a39e6b000 r--s 00041000 08:13 393406                     /usr/local/maven/lib/maven-compat-3.6.0.jar
7f6a39e6b000-7f6a39e6d000 r--s 00006000 08:13 393412                     /usr/local/maven/lib/maven-resolver-transport-wagon-1.3.1.jar
7f6a39e6d000-7f6a39e71000 r--s 00029000 08:13 393393                     /usr/local/maven/lib/maven-resolver-impl-1.3.1.jar
7f6a39e71000-7f6a39e73000 r--s 00009000 08:13 393370                     /usr/local/maven/lib/maven-settings-builder-3.6.0.jar
7f6a39e73000-7f6a39e74000 r--s 00005000 08:13 393413                     /usr/local/maven/lib/maven-slf4j-provider-3.6.0.jar
7f6a39e74000-7f6a39e78000 r--s 00042000 08:13 393414                     /usr/local/maven/lib/jansi-1.17.1.jar
7f6a39e78000-7f6a39ea5000 r--s 001df000 08:13 393408                     /usr/local/maven/lib/wagon-http-3.2.0-shaded.jar
7f6a39ea5000-7f6a39eaa000 r--s 00023000 08:13 393392                     /usr/local/maven/lib/maven-resolver-util-1.3.1.jar
7f6a39eaa000-7f6a39eb7000 r--s 0008e000 08:13 393376                     /usr/local/maven/lib/maven-core-3.6.0.jar
7f6a39eb7000-7f6a39ec2000 r--s 00075000 08:13 393397                     /usr/local/maven/lib/guice-4.2.1-no_aop.jar
7f6a39ec2000-7f6a39edd000 r--s 001d6000 08:13 5247980                    /usr/lib/jvm/java-8-openjdk-amd64/jre/lib/ext/nashorn.jar
7f6a39edd000-7f6a39ef8000 r--s 00394000 08:13 5247970                    /usr/lib/jvm/java-8-openjdk-amd64/jre/lib/ext/cldrdata.jar
7f6a39ef8000-7f6a39ef9000 ---p 00000000 00:00 0 
7f6a39ef9000-7f6a39ff9000 rw-p 00000000 00:00 0 
7f6a39ff9000-7f6a39ffc000 ---p 00000000 00:00 0 
7f6a39ffc000-7f6a3a0fa000 rw-p 00000000 00:00 0 
7f6a3a0fa000-7f6a3a0fb000 ---p 00000000 00:00 0 
7f6a3a0fb000-7f6a3a0fe000 ---p 00000000 00:00 0 
7f6a3a0fe000-7f6a3a1fb000 rw-p 00000000 00:00 0 
7f6a3a1fb000-7f6a3a1fc000 ---p 00000000 00:00 0 
7f6a3a1fc000-7f6a3a1ff000 ---p 00000000 00:00 0 
7f6a3a1ff000-7f6a3a2fc000 rw-p 00000000 00:00 0 
7f6a3a2fc000-7f6a3a2fd000 ---p 00000000 00:00 0 
7f6a3a2fd000-7f6a3a300000 ---p 00000000 00:00 0 
7f6a3a300000-7f6a3a3fd000 rw-p 00000000 00:00 0 
7f6a3a3fd000-7f6a3a3fe000 ---p 00000000 00:00 0 
7f6a3a3fe000-7f6a3a401000 ---p 00000000 00:00 0 
7f6a3a401000-7f6a3a4fe000 rw-p 00000000 00:00 0 
7f6a3a4fe000-7f6a3a501000 ---p 00000000 00:00 0 
7f6a3a501000-7f6a3a5ff000 rw-p 00000000 00:00 0 
7f6a3a5ff000-7f6a3afcf000 r--p 00000000 08:13 5249653                    /usr/lib/locale/locale-archive
7f6a3afcf000-7f6a3afd2000 ---p 00000000 00:00 0 
7f6a3afd2000-7f6a3b0d0000 rw-p 00000000 00:00 0 
7f6a3b0d0000-7f6a3b0d3000 ---p 00000000 00:00 0 
7f6a3b0d3000-7f6a3b1d1000 rw-p 00000000 00:00 0 
7f6a3b1d1000-7f6a3b1d2000 ---p 00000000 00:00 0 
7f6a3b1d2000-7f6a3c000000 rw-p 00000000 00:00 0 
7f6a3c000000-7f6a3c021000 rw-p 00000000 00:00 0 
7f6a3c021000-7f6a40000000 ---p 00000000 00:00 0 
7f6a40000000-7f6a40002000 r--s 00003000 08:13 393409                     /usr/local/maven/lib/jcl-over-slf4j-1.7.25.jar
7f6a40002000-7f6a4000a000 r--s 00073000 08:13 393380                     /usr/local/maven/lib/commons-lang3-3.8.1.jar
7f6a4000a000-7f6a415b6000 rw-p 00000000 00:00 0 
7f6a415b6000-7f6a41785000 r--s 03c3b000 08:13 5248001                    /usr/lib/jvm/java-8-openjdk-amd64/jre/lib/rt.jar
7f6a41785000-7f6a427bd000 rw-p 00000000 00:00 0 
7f6a427bd000-7f6a427be000 ---p 00000000 00:00 0 
7f6a427be000-7f6a428be000 rw-p 00000000 00:00 0 
7f6a428be000-7f6a428bf000 ---p 00000000 00:00 0 
7f6a428bf000-7f6a429bf000 rw-p 00000000 00:00 0 
7f6a429bf000-7f6a429c0000 ---p 00000000 00:00 0 
7f6a429c0000-7f6a42ac0000 rw-p 00000000 00:00 0 
7f6a42ac0000-7f6a42ac1000 ---p 00000000 00:00 0 
7f6a42ac1000-7f6a42bc1000 rw-p 00000000 00:00 0 
7f6a42bc1000-7f6a42bc2000 ---p 00000000 00:00 0 
7f6a42bc2000-7f6a42cc2000 rw-p 00000000 00:00 0 
7f6a42cc2000-7f6a42cc3000 ---p 00000000 00:00 0 
7f6a42cc3000-7f6a42dc3000 rw-p 00000000 00:00 0 
7f6a42dc3000-7f6a42dc4000 ---p 00000000 00:00 0 
7f6a42dc4000-7f6a42ec4000 rw-p 00000000 00:00 0 
7f6a42ec4000-7f6a42ec5000 ---p 00000000 00:00 0 
7f6a42ec5000-7f6a42fc5000 rw-p 00000000 00:00 0 
7f6a42fc5000-7f6a42fc6000 ---p 00000000 00:00 0 
7f6a42fc6000-7f6a43103000 rw-p 00000000 00:00 0 
7f6a43103000-7f6a435f2000 ---p 00000000 00:00 0 
7f6a435f2000-7f6a4362f000 rw-p 00000000 00:00 0 
7f6a4362f000-7f6a43b1e000 ---p 00000000 00:00 0 
7f6a43b1e000-7f6a43c2d000 rw-p 00000000 00:00 0 
7f6a43c2d000-7f6a43db4000 ---p 00000000 00:00 0 
7f6a43db4000-7f6a43deb000 rw-p 00000000 00:00 0 
7f6a43deb000-7f6a44175000 ---p 00000000 00:00 0 
7f6a44175000-7f6a44ef5000 rwxp 00000000 00:00 0 
7f6a44ef5000-7f6a53175000 ---p 00000000 00:00 0 
7f6a53175000-7f6a5317d000 r-xp 00000000 08:13 5247959                    /usr/lib/jvm/java-8-openjdk-amd64/jre/lib/amd64/libzip.so
7f6a5317d000-7f6a5337c000 ---p 00008000 08:13 5247959                    /usr/lib/jvm/java-8-openjdk-amd64/jre/lib/amd64/libzip.so
7f6a5337c000-7f6a5337d000 r--p 00007000 08:13 5247959                    /usr/lib/jvm/java-8-openjdk-amd64/jre/lib/amd64/libzip.so
7f6a5337d000-7f6a5337e000 rw-p 00008000 08:13 5247959                    /usr/lib/jvm/java-8-openjdk-amd64/jre/lib/amd64/libzip.so
7f6a5337e000-7f6a53389000 r-xp 00000000 08:13 15733530                   /lib/x86_64-linux-gnu/libnss_files-2.27.so
7f6a53389000-7f6a53588000 ---p 0000b000 08:13 15733530                   /lib/x86_64-linux-gnu/libnss_files-2.27.so
7f6a53588000-7f6a53589000 r--p 0000a000 08:13 15733530                   /lib/x86_64-linux-gnu/libnss_files-2.27.so
7f6a53589000-7f6a5358a000 rw-p 0000b000 08:13 15733530                   /lib/x86_64-linux-gnu/libnss_files-2.27.so
7f6a5358a000-7f6a53590000 rw-p 00000000 00:00 0 
7f6a53590000-7f6a535a7000 r-xp 00000000 08:13 15733524                   /lib/x86_64-linux-gnu/libnsl-2.27.so
7f6a535a7000-7f6a537a6000 ---p 00017000 08:13 15733524                   /lib/x86_64-linux-gnu/libnsl-2.27.so
7f6a537a6000-7f6a537a7000 r--p 00016000 08:13 15733524                   /lib/x86_64-linux-gnu/libnsl-2.27.so
7f6a537a7000-7f6a537a8000 rw-p 00017000 08:13 15733524                   /lib/x86_64-linux-gnu/libnsl-2.27.so
7f6a537a8000-7f6a537aa000 rw-p 00000000 00:00 0 
7f6a537aa000-7f6a537b5000 r-xp 00000000 08:13 15733541                   /lib/x86_64-linux-gnu/libnss_nis-2.27.so
7f6a537b5000-7f6a539b4000 ---p 0000b000 08:13 15733541                   /lib/x86_64-linux-gnu/libnss_nis-2.27.so
7f6a539b4000-7f6a539b5000 r--p 0000a000 08:13 15733541                   /lib/x86_64-linux-gnu/libnss_nis-2.27.so
7f6a539b5000-7f6a539b6000 rw-p 0000b000 08:13 15733541                   /lib/x86_64-linux-gnu/libnss_nis-2.27.so
7f6a539b6000-7f6a539be000 r-xp 00000000 08:13 15733526                   /lib/x86_64-linux-gnu/libnss_compat-2.27.so
7f6a539be000-7f6a53bbe000 ---p 00008000 08:13 15733526                   /lib/x86_64-linux-gnu/libnss_compat-2.27.so
7f6a53bbe000-7f6a53bbf000 r--p 00008000 08:13 15733526                   /lib/x86_64-linux-gnu/libnss_compat-2.27.so
7f6a53bbf000-7f6a53bc0000 rw-p 00009000 08:13 15733526                   /lib/x86_64-linux-gnu/libnss_compat-2.27.so
7f6a53bc0000-7f6a53bec000 r-xp 00000000 08:13 5247940                    /usr/lib/jvm/java-8-openjdk-amd64/jre/lib/amd64/libjava.so
7f6a53bec000-7f6a53deb000 ---p 0002c000 08:13 5247940                    /usr/lib/jvm/java-8-openjdk-amd64/jre/lib/amd64/libjava.so
7f6a53deb000-7f6a53dec000 r--p 0002b000 08:13 5247940                    /usr/lib/jvm/java-8-openjdk-amd64/jre/lib/amd64/libjava.so
7f6a53dec000-7f6a53dee000 rw-p 0002c000 08:13 5247940                    /usr/lib/jvm/java-8-openjdk-amd64/jre/lib/amd64/libjava.so
7f6a53dee000-7f6a53dfe000 r-xp 00000000 08:13 5247958                    /usr/lib/jvm/java-8-openjdk-amd64/jre/lib/amd64/libverify.so
7f6a53dfe000-7f6a53ffd000 ---p 00010000 08:13 5247958                    /usr/lib/jvm/java-8-openjdk-amd64/jre/lib/amd64/libverify.so
7f6a53ffd000-7f6a53fff000 r--p 0000f000 08:13 5247958                    /usr/lib/jvm/java-8-openjdk-amd64/jre/lib/amd64/libverify.so
7f6a53fff000-7f6a54000000 rw-p 00011000 08:13 5247958                    /usr/lib/jvm/java-8-openjdk-amd64/jre/lib/amd64/libverify.so
7f6a54000000-7f6a551cf000 rw-p 00000000 00:00 0 
7f6a551cf000-7f6a58000000 ---p 00000000 00:00 0 
7f6a58000000-7f6a58002000 r--s 0000f000 08:13 393389                     /usr/local/maven/lib/maven-resolver-provider-3.6.0.jar
7f6a58002000-7f6a58007000 r--s 00020000 08:13 393390                     /usr/local/maven/lib/maven-resolver-api-1.3.1.jar
7f6a58007000-7f6a5800a000 r--s 00012000 08:13 393372                     /usr/local/maven/lib/plexus-interpolation-1.25.jar
7f6a5800a000-7f6a5800c000 r--s 00000000 08:13 393398                     /usr/local/maven/lib/aopalliance-1.0.jar
7f6a5800c000-7f6a5800d000 ---p 00000000 00:00 0 
7f6a5800d000-7f6a5810d000 rw-p 00000000 00:00 0 
7f6a5810d000-7f6a58114000 r-xp 00000000 08:13 15733581                   /lib/x86_64-linux-gnu/librt-2.27.so
7f6a58114000-7f6a58313000 ---p 00007000 08:13 15733581                   /lib/x86_64-linux-gnu/librt-2.27.so
7f6a58313000-7f6a58314000 r--p 00006000 08:13 15733581                   /lib/x86_64-linux-gnu/librt-2.27.so
7f6a58314000-7f6a58315000 rw-p 00007000 08:13 15733581                   /lib/x86_64-linux-gnu/librt-2.27.so
7f6a58315000-7f6a5832c000 r-xp 00000000 08:13 15728712                   /lib/x86_64-linux-gnu/libgcc_s.so.1
7f6a5832c000-7f6a5852b000 ---p 00017000 08:13 15728712                   /lib/x86_64-linux-gnu/libgcc_s.so.1
7f6a5852b000-7f6a5852c000 r--p 00016000 08:13 15728712                   /lib/x86_64-linux-gnu/libgcc_s.so.1
7f6a5852c000-7f6a5852d000 rw-p 00017000 08:13 15728712                   /lib/x86_64-linux-gnu/libgcc_s.so.1
7f6a5852d000-7f6a586ca000 r-xp 00000000 08:13 15733503                   /lib/x86_64-linux-gnu/libm-2.27.so
7f6a586ca000-7f6a588c9000 ---p 0019d000 08:13 15733503                   /lib/x86_64-linux-gnu/libm-2.27.so
7f6a588c9000-7f6a588ca000 r--p 0019c000 08:13 15733503                   /lib/x86_64-linux-gnu/libm-2.27.so
7f6a588ca000-7f6a588cb000 rw-p 0019d000 08:13 15733503                   /lib/x86_64-linux-gnu/libm-2.27.so
7f6a588cb000-7f6a58a44000 r-xp 00000000 08:13 5246338                    /usr/lib/x86_64-linux-gnu/libstdc++.so.6.0.25
7f6a58a44000-7f6a58c44000 ---p 00179000 08:13 5246338                    /usr/lib/x86_64-linux-gnu/libstdc++.so.6.0.25
7f6a58c44000-7f6a58c4e000 r--p 00179000 08:13 5246338                    /usr/lib/x86_64-linux-gnu/libstdc++.so.6.0.25
7f6a58c4e000-7f6a58c50000 rw-p 00183000 08:13 5246338                    /usr/lib/x86_64-linux-gnu/libstdc++.so.6.0.25
7f6a58c50000-7f6a58c54000 rw-p 00000000 00:00 0 
7f6a58c54000-7f6a598f1000 r-xp 00000000 08:13 5247961                    /usr/lib/jvm/java-8-openjdk-amd64/jre/lib/amd64/server/libjvm.so
7f6a598f1000-7f6a59af0000 ---p 00c9d000 08:13 5247961                    /usr/lib/jvm/java-8-openjdk-amd64/jre/lib/amd64/server/libjvm.so
7f6a59af0000-7f6a59b84000 r--p 00c9c000 08:13 5247961                    /usr/lib/jvm/java-8-openjdk-amd64/jre/lib/amd64/server/libjvm.so
7f6a59b84000-7f6a59bad000 rw-p 00d30000 08:13 5247961                    /usr/lib/jvm/java-8-openjdk-amd64/jre/lib/amd64/server/libjvm.so
7f6a59bad000-7f6a59bdd000 rw-p 00000000 00:00 0 
7f6a59bdd000-7f6a59bf7000 r-xp 00000000 08:13 15733573                   /lib/x86_64-linux-gnu/libpthread-2.27.so
7f6a59bf7000-7f6a59df6000 ---p 0001a000 08:13 15733573                   /lib/x86_64-linux-gnu/libpthread-2.27.so
7f6a59df6000-7f6a59df7000 r--p 00019000 08:13 15733573                   /lib/x86_64-linux-gnu/libpthread-2.27.so
7f6a59df7000-7f6a59df8000 rw-p 0001a000 08:13 15733573                   /lib/x86_64-linux-gnu/libpthread-2.27.so
7f6a59df8000-7f6a59dfc000 rw-p 00000000 00:00 0 
7f6a59dfc000-7f6a59dff000 r-xp 00000000 08:13 15733463                   /lib/x86_64-linux-gnu/libdl-2.27.so
7f6a59dff000-7f6a59ffe000 ---p 00003000 08:13 15733463                   /lib/x86_64-linux-gnu/libdl-2.27.so
7f6a59ffe000-7f6a59fff000 r--p 00002000 08:13 15733463                   /lib/x86_64-linux-gnu/libdl-2.27.so
7f6a59fff000-7f6a5a000000 rw-p 00003000 08:13 15733463                   /lib/x86_64-linux-gnu/libdl-2.27.so
7f6a5a000000-7f6a5a01c000 r-xp 00000000 08:13 15733612                   /lib/x86_64-linux-gnu/libz.so.1.2.11
7f6a5a01c000-7f6a5a21b000 ---p 0001c000 08:13 15733612                   /lib/x86_64-linux-gnu/libz.so.1.2.11
7f6a5a21b000-7f6a5a21c000 r--p 0001b000 08:13 15733612                   /lib/x86_64-linux-gnu/libz.so.1.2.11
7f6a5a21c000-7f6a5a21d000 rw-p 0001c000 08:13 15733612                   /lib/x86_64-linux-gnu/libz.so.1.2.11
7f6a5a21d000-7f6a5a404000 r-xp 00000000 08:13 15733440                   /lib/x86_64-linux-gnu/libc-2.27.so
7f6a5a404000-7f6a5a604000 ---p 001e7000 08:13 15733440                   /lib/x86_64-linux-gnu/libc-2.27.so
7f6a5a604000-7f6a5a608000 r--p 001e7000 08:13 15733440                   /lib/x86_64-linux-gnu/libc-2.27.so
7f6a5a608000-7f6a5a60a000 rw-p 001eb000 08:13 15733440                   /lib/x86_64-linux-gnu/libc-2.27.so
7f6a5a60a000-7f6a5a60e000 rw-p 00000000 00:00 0 
7f6a5a60e000-7f6a5a61c000 r-xp 00000000 08:13 5247926                    /usr/lib/jvm/java-8-openjdk-amd64/jre/lib/amd64/jli/libjli.so
7f6a5a61c000-7f6a5a81b000 ---p 0000e000 08:13 5247926                    /usr/lib/jvm/java-8-openjdk-amd64/jre/lib/amd64/jli/libjli.so
7f6a5a81b000-7f6a5a81c000 r--p 0000d000 08:13 5247926                    /usr/lib/jvm/java-8-openjdk-amd64/jre/lib/amd64/jli/libjli.so
7f6a5a81c000-7f6a5a81d000 rw-p 0000e000 08:13 5247926                    /usr/lib/jvm/java-8-openjdk-amd64/jre/lib/amd64/jli/libjli.so
7f6a5a81d000-7f6a5a844000 r-xp 00000000 08:13 15733412                   /lib/x86_64-linux-gnu/ld-2.27.so
7f6a5a844000-7f6a5a845000 r--s 0000a000 08:13 393368                     /usr/local/maven/lib/maven-settings-3.6.0.jar
7f6a5a845000-7f6a5a847000 r--s 0000b000 08:13 393366                     /usr/local/maven/boot/plexus-classworlds-2.5.2.jar
7f6a5a847000-7f6a5a849000 r--s 00001000 08:13 5247971                    /usr/lib/jvm/java-8-openjdk-amd64/jre/lib/ext/dnsns.jar
7f6a5a849000-7f6a5a853000 r--s 00116000 08:13 5247974                    /usr/lib/jvm/java-8-openjdk-amd64/jre/lib/ext/localedata.jar
7f6a5a853000-7f6a5a858000 r--s 0003c000 08:13 5247982                    /usr/lib/jvm/java-8-openjdk-amd64/jre/lib/ext/sunjce_provider.jar
7f6a5a858000-7f6a5a929000 rw-p 00000000 00:00 0 
7f6a5a929000-7f6a5a92a000 ---p 00000000 00:00 0 
7f6a5a92a000-7f6a5a92d000 ---p 00000000 00:00 0 
7f6a5a92d000-7f6a5aa2c000 rw-p 00000000 00:00 0 
7f6a5aa2c000-7f6a5aa2d000 r--s 00010000 08:13 5247984                    /usr/lib/jvm/java-8-openjdk-amd64/jre/lib/ext/zipfs.jar
7f6a5aa2d000-7f6a5aa2e000 r--s 0000a000 08:13 5247973                    /usr/lib/jvm/java-8-openjdk-amd64/jre/lib/ext/jaccess.jar
7f6a5aa2e000-7f6a5aa30000 r--s 00007000 08:13 5640748                    /usr/share/java/java-atk-wrapper.jar
7f6a5aa30000-7f6a5aa32000 r--s 00008000 08:13 5247981                    /usr/lib/jvm/java-8-openjdk-amd64/jre/lib/ext/sunec.jar
7f6a5aa32000-7f6a5aa35000 r--s 0000f000 08:13 5247972                    /usr/lib/jvm/java-8-openjdk-amd64/jre/lib/ext/icedtea-sound.jar
7f6a5aa35000-7f6a5aa38000 r--s 00039000 08:13 5247983                    /usr/lib/jvm/java-8-openjdk-amd64/jre/lib/ext/sunpkcs11.jar
7f6a5aa38000-7f6a5aa40000 rw-s 00000000 08:13 5374617                    /tmp/hsperfdata_wwinw121/30781
7f6a5aa40000-7f6a5aa41000 rw-p 00000000 00:00 0 
7f6a5aa41000-7f6a5aa42000 r--p 00000000 00:00 0 
7f6a5aa42000-7f6a5aa44000 rw-p 00000000 00:00 0 
7f6a5aa44000-7f6a5aa45000 r--p 00027000 08:13 15733412                   /lib/x86_64-linux-gnu/ld-2.27.so
7f6a5aa45000-7f6a5aa46000 rw-p 00028000 08:13 15733412                   /lib/x86_64-linux-gnu/ld-2.27.so
7f6a5aa46000-7f6a5aa47000 rw-p 00000000 00:00 0 
7ffc0232f000-7ffc02351000 rw-p 00000000 00:00 0                          [stack]
7ffc023b7000-7ffc023ba000 r--p 00000000 00:00 0                          [vvar]
7ffc023ba000-7ffc023bc000 r-xp 00000000 00:00 0                          [vdso]
ffffffffff600000-ffffffffff601000 r-xp 00000000 00:00 0                  [vsyscall]

VM Arguments:
jvm_args: -Dclassworlds.conf=/usr/local/maven/bin/m2.conf -Dmaven.home=/usr/local/maven -Dlibrary.jansi.path=/usr/local/maven/lib/jansi-native -Dmaven.multiModuleProjectDirectory=/home/wwinw121/Documents/FIT3036/iot-traffic-monitor/iot-springboot-dashboard 
java_command: org.codehaus.plexus.classworlds.launcher.Launcher package
java_class_path (initial): /usr/local/maven/boot/plexus-classworlds-2.5.2.jar
Launcher Type: SUN_STANDARD

Environment Variables:
PATH=/home/wwinw121/Tools/anaconda3/bin:/home/wwinw121/Tools/anaconda3/condabin:/usr/local/sbin:/usr/local/bin:/usr/sbin:/usr/bin:/sbin:/bin:/usr/games:/usr/local/games:/snap/bin:/usr/local/kafka/bin:/usr/local/maven/bin:/home/wwinw121/Tools/Apache/Zookeeper/zookeeper-3.4.14/bin:/home/wwinw121/Tools/Apache/Cassandra/apache-cassandra-2.2.14/bin:SPARK_HOME/bin:/usr/local/kafka/bin:/usr/local/maven/bin:/home/wwinw121/Tools/Apache/Zookeeper/zookeeper-3.4.14/bin:/home/wwinw121/Tools/Apache/Cassandra/apache-cassandra-2.2.14/bin:SPARK_HOME/bin
USERNAME=wwinw121
SHELL=/bin/bash
DISPLAY=:0

Signal Handlers:
SIGSEGV: [libjvm.so+0xab5000], sa_mask[0]=11111111011111111101111111111110, sa_flags=SA_RESTART|SA_SIGINFO
SIGBUS: [libjvm.so+0xab5000], sa_mask[0]=11111111011111111101111111111110, sa_flags=SA_RESTART|SA_SIGINFO
SIGFPE: [libjvm.so+0x8ea970], sa_mask[0]=11111111011111111101111111111110, sa_flags=SA_RESTART|SA_SIGINFO
SIGPIPE: [libjvm.so+0x8ea970], sa_mask[0]=11111111011111111101111111111110, sa_flags=SA_RESTART|SA_SIGINFO
SIGXFSZ: [libjvm.so+0x8ea970], sa_mask[0]=11111111011111111101111111111110, sa_flags=SA_RESTART|SA_SIGINFO
SIGILL: [libjvm.so+0x8ea970], sa_mask[0]=11111111011111111101111111111110, sa_flags=SA_RESTART|SA_SIGINFO
SIGUSR1: SIG_DFL, sa_mask[0]=00000000000000000000000000000000, sa_flags=none
SIGUSR2: [libjvm.so+0x8ea820], sa_mask[0]=00000000000000000000000000000000, sa_flags=SA_RESTART|SA_SIGINFO
SIGHUP: [libjvm.so+0x8eae90], sa_mask[0]=11111111011111111101111111111110, sa_flags=SA_RESTART|SA_SIGINFO
SIGINT: [libjvm.so+0x8eae90], sa_mask[0]=11111111011111111101111111111110, sa_flags=SA_RESTART|SA_SIGINFO
SIGTERM: [libjvm.so+0x8eae90], sa_mask[0]=11111111011111111101111111111110, sa_flags=SA_RESTART|SA_SIGINFO
SIGQUIT: [libjvm.so+0x8eae90], sa_mask[0]=11111111011111111101111111111110, sa_flags=SA_RESTART|SA_SIGINFO


---------------  S Y S T E M  ---------------

OS:DISTRIB_ID=Ubuntu
DISTRIB_RELEASE=18.04
DISTRIB_CODENAME=bionic
DISTRIB_DESCRIPTION="Ubuntu 18.04.2 LTS"

uname:Linux 4.18.0-20-generic #21~18.04.1-Ubuntu SMP Wed May 8 08:43:37 UTC 2019 x86_64
libc:glibc 2.27 NPTL 2.27 
rlimit: STACK 8192k, CORE 0k, NPROC 63075, NOFILE 4096, AS infinity
load average:1.26 1.32 1.57

/proc/meminfo:
MemTotal:       16262060 kB
MemFree:          717484 kB
MemAvailable:    3483968 kB
Buffers:          194432 kB
Cached:          3138416 kB
SwapCached:            0 kB
Active:         12196492 kB
Inactive:        2665480 kB
Active(anon):   11212452 kB
Inactive(anon):   736996 kB
Active(file):     984040 kB
Inactive(file):  1928484 kB
Unevictable:          16 kB
Mlocked:              16 kB
SwapTotal:       2097148 kB
SwapFree:        2097148 kB
Dirty:            143504 kB
Writeback:             0 kB
AnonPages:      11529312 kB
Mapped:           829520 kB
Shmem:            747304 kB
Slab:             292200 kB
SReclaimable:     193320 kB
SUnreclaim:        98880 kB
KernelStack:       32016 kB
PageTables:       101144 kB
NFS_Unstable:          0 kB
Bounce:                0 kB
WritebackTmp:          0 kB
CommitLimit:    10228176 kB
Committed_AS:   32064236 kB
VmallocTotal:   34359738367 kB
VmallocUsed:           0 kB
VmallocChunk:          0 kB
HardwareCorrupted:     0 kB
AnonHugePages:         0 kB
ShmemHugePages:        0 kB
ShmemPmdMapped:        0 kB
CmaTotal:              0 kB
CmaFree:               0 kB
HugePages_Total:       0
HugePages_Free:        0
HugePages_Rsvd:        0
HugePages_Surp:        0
Hugepagesize:       2048 kB
Hugetlb:               0 kB
DirectMap4k:      404156 kB
DirectMap2M:    14114816 kB
DirectMap1G:     2097152 kB

container (cgroup) information:
container_type: cgroupv1
cpu_cpuset_cpus: 0-11
cpu_memory_nodes: 0
active_processor_count: 12
cpu_quota: -1
cpu_period: 100000
cpu_shares: -1
memory_limit_in_bytes: -1
memory_and_swap_limit_in_bytes: -2
memory_soft_limit_in_bytes: -1
memory_usage_in_bytes: 15218384896
memory_max_usage_in_bytes: 0


CPU:total 12 (initial active 12) (6 cores per cpu, 2 threads per core) family 6 model 158 stepping 10, cmov, cx8, fxsr, mmx, sse, sse2, sse3, ssse3, sse4.1, sse4.2, popcnt, avx, avx2, aes, clmul, erms, 3dnowpref, lzcnt, ht, tsc, tscinvbit, bmi1, bmi2, adx

/proc/cpuinfo:
processor	: 0
vendor_id	: GenuineIntel
cpu family	: 6
model		: 158
model name	: Intel(R) Core(TM) i7-8750H CPU @ 2.20GHz
stepping	: 10
microcode	: 0xb4
cpu MHz		: 3581.241
cache size	: 9216 KB
physical id	: 0
siblings	: 12
core id		: 0
cpu cores	: 6
apicid		: 0
initial apicid	: 0
fpu		: yes
fpu_exception	: yes
cpuid level	: 22
wp		: yes
flags		: fpu vme de pse tsc msr pae mce cx8 apic sep mtrr pge mca cmov pat pse36 clflush dts acpi mmx fxsr sse sse2 ss ht tm pbe syscall nx pdpe1gb rdtscp lm constant_tsc art arch_perfmon pebs bts rep_good nopl xtopology nonstop_tsc cpuid aperfmperf tsc_known_freq pni pclmulqdq dtes64 monitor ds_cpl vmx est tm2 ssse3 sdbg fma cx16 xtpr pdcm pcid sse4_1 sse4_2 x2apic movbe popcnt tsc_deadline_timer aes xsave avx f16c rdrand lahf_lm abm 3dnowprefetch cpuid_fault epb invpcid_single pti ssbd ibrs ibpb stibp tpr_shadow vnmi flexpriority ept vpid fsgsbase tsc_adjust bmi1 avx2 smep bmi2 erms invpcid mpx rdseed adx smap clflushopt intel_pt xsaveopt xsavec xgetbv1 xsaves dtherm ida arat pln pts hwp hwp_notify hwp_act_window hwp_epp md_clear flush_l1d
bugs		: cpu_meltdown spectre_v1 spectre_v2 spec_store_bypass l1tf mds
bogomips	: 4416.00
clflush size	: 64
cache_alignment	: 64
address sizes	: 39 bits physical, 48 bits virtual
power management:

processor	: 1
vendor_id	: GenuineIntel
cpu family	: 6
model		: 158
model name	: Intel(R) Core(TM) i7-8750H CPU @ 2.20GHz
stepping	: 10
microcode	: 0xb4
cpu MHz		: 3668.590
cache size	: 9216 KB
physical id	: 0
siblings	: 12
core id		: 1
cpu cores	: 6
apicid		: 2
initial apicid	: 2
fpu		: yes
fpu_exception	: yes
cpuid level	: 22
wp		: yes
flags		: fpu vme de pse tsc msr pae mce cx8 apic sep mtrr pge mca cmov pat pse36 clflush dts acpi mmx fxsr sse sse2 ss ht tm pbe syscall nx pdpe1gb rdtscp lm constant_tsc art arch_perfmon pebs bts rep_good nopl xtopology nonstop_tsc cpuid aperfmperf tsc_known_freq pni pclmulqdq dtes64 monitor ds_cpl vmx est tm2 ssse3 sdbg fma cx16 xtpr pdcm pcid sse4_1 sse4_2 x2apic movbe popcnt tsc_deadline_timer aes xsave avx f16c rdrand lahf_lm abm 3dnowprefetch cpuid_fault epb invpcid_single pti ssbd ibrs ibpb stibp tpr_shadow vnmi flexpriority ept vpid fsgsbase tsc_adjust bmi1 avx2 smep bmi2 erms invpcid mpx rdseed adx smap clflushopt intel_pt xsaveopt xsavec xgetbv1 xsaves dtherm ida arat pln pts hwp hwp_notify hwp_act_window hwp_epp md_clear flush_l1d
bugs		: cpu_meltdown spectre_v1 spectre_v2 spec_store_bypass l1tf mds
bogomips	: 4416.00
clflush size	: 64
cache_alignment	: 64
address sizes	: 39 bits physical, 48 bits virtual
power management:

processor	: 2
vendor_id	: GenuineIntel
cpu family	: 6
model		: 158
model name	: Intel(R) Core(TM) i7-8750H CPU @ 2.20GHz
stepping	: 10
microcode	: 0xb4
cpu MHz		: 3577.492
cache size	: 9216 KB
physical id	: 0
siblings	: 12
core id		: 2
cpu cores	: 6
apicid		: 4
initial apicid	: 4
fpu		: yes
fpu_exception	: yes
cpuid level	: 22
wp		: yes
flags		: fpu vme de pse tsc msr pae mce cx8 apic sep mtrr pge mca cmov pat pse36 clflush dts acpi mmx fxsr sse sse2 ss ht tm pbe syscall nx pdpe1gb rdtscp lm constant_tsc art arch_perfmon pebs bts rep_good nopl xtopology nonstop_tsc cpuid aperfmperf tsc_known_freq pni pclmulqdq dtes64 monitor ds_cpl vmx est tm2 ssse3 sdbg fma cx16 xtpr pdcm pcid sse4_1 sse4_2 x2apic movbe popcnt tsc_deadline_timer aes xsave avx f16c rdrand lahf_lm abm 3dnowprefetch cpuid_fault epb invpcid_single pti ssbd ibrs ibpb stibp tpr_shadow vnmi flexpriority ept vpid fsgsbase tsc_adjust bmi1 avx2 smep bmi2 erms invpcid mpx rdseed adx smap clflushopt intel_pt xsaveopt xsavec xgetbv1 xsaves dtherm ida arat pln pts hwp hwp_notify hwp_act_window hwp_epp md_clear flush_l1d
bugs		: cpu_meltdown spectre_v1 spectre_v2 spec_store_bypass l1tf mds
bogomips	: 4416.00
clflush size	: 64
cache_alignment	: 64
address sizes	: 39 bits physical, 48 bits virtual
power management:

processor	: 3
vendor_id	: GenuineIntel
cpu family	: 6
model		: 158
model name	: Intel(R) Core(TM) i7-8750H CPU @ 2.20GHz
stepping	: 10
microcode	: 0xb4
cpu MHz		: 3583.767
cache size	: 9216 KB
physical id	: 0
siblings	: 12
core id		: 3
cpu cores	: 6
apicid		: 6
initial apicid	: 6
fpu		: yes
fpu_exception	: yes
cpuid level	: 22
wp		: yes
flags		: fpu vme de pse tsc msr pae mce cx8 apic sep mtrr pge mca cmov pat pse36 clflush dts acpi mmx fxsr sse sse2 ss ht tm pbe syscall nx pdpe1gb rdtscp lm constant_tsc art arch_perfmon pebs bts rep_good nopl xtopology nonstop_tsc cpuid aperfmperf tsc_known_freq pni pclmulqdq dtes64 monitor ds_cpl vmx est tm2 ssse3 sdbg fma cx16 xtpr pdcm pcid sse4_1 sse4_2 x2apic movbe popcnt tsc_deadline_timer aes xsave avx f16c rdrand lahf_lm abm 3dnowprefetch cpuid_fault epb invpcid_single pti ssbd ibrs ibpb stibp tpr_shadow vnmi flexpriority ept vpid fsgsbase tsc_adjust bmi1 avx2 smep bmi2 erms invpcid mpx rdseed adx smap clflushopt intel_pt xsaveopt xsavec xgetbv1 xsaves dtherm ida arat pln pts hwp hwp_notify hwp_act_window hwp_epp md_clear flush_l1d
bugs		: cpu_meltdown spectre_v1 spectre_v2 spec_store_bypass l1tf mds
bogomips	: 4416.00
clflush size	: 64
cache_alignment	: 64
address sizes	: 39 bits physical, 48 bits virtual
power management:

processor	: 4
vendor_id	: GenuineIntel
cpu family	: 6
model		: 158
model name	: Intel(R) Core(TM) i7-8750H CPU @ 2.20GHz
stepping	: 10
microcode	: 0xb4
cpu MHz		: 3593.364
cache size	: 9216 KB
physical id	: 0
siblings	: 12
core id		: 4
cpu cores	: 6
apicid		: 8
initial apicid	: 8
fpu		: yes
fpu_exception	: yes
cpuid level	: 22
wp		: yes
flags		: fpu vme de pse tsc msr pae mce cx8 apic sep mtrr pge mca cmov pat pse36 clflush dts acpi mmx fxsr sse sse2 ss ht tm pbe syscall nx pdpe1gb rdtscp lm constant_tsc art arch_perfmon pebs bts rep_good nopl xtopology nonstop_tsc cpuid aperfmperf tsc_known_freq pni pclmulqdq dtes64 monitor ds_cpl vmx est tm2 ssse3 sdbg fma cx16 xtpr pdcm pcid sse4_1 sse4_2 x2apic movbe popcnt tsc_deadline_timer aes xsave avx f16c rdrand lahf_lm abm 3dnowprefetch cpuid_fault epb invpcid_single pti ssbd ibrs ibpb stibp tpr_shadow vnmi flexpriority ept vpid fsgsbase tsc_adjust bmi1 avx2 smep bmi2 erms invpcid mpx rdseed adx smap clflushopt intel_pt xsaveopt xsavec xgetbv1 xsaves dtherm ida arat pln pts hwp hwp_notify hwp_act_window hwp_epp md_clear flush_l1d
bugs		: cpu_meltdown spectre_v1 spectre_v2 spec_store_bypass l1tf mds
bogomips	: 4416.00
clflush size	: 64
cache_alignment	: 64
address sizes	: 39 bits physical, 48 bits virtual
power management:

processor	: 5
vendor_id	: GenuineIntel
cpu family	: 6
model		: 158
model name	: Intel(R) Core(TM) i7-8750H CPU @ 2.20GHz
stepping	: 10
microcode	: 0xb4
cpu MHz		: 3684.494
cache size	: 9216 KB
physical id	: 0
siblings	: 12
core id		: 5
cpu cores	: 6
apicid		: 10
initial apicid	: 10
fpu		: yes
fpu_exception	: yes
cpuid level	: 22
wp		: yes
flags		: fpu vme de pse tsc msr pae mce cx8 apic sep mtrr pge mca cmov pat pse36 clflush dts acpi mmx fxsr sse sse2 ss ht tm pbe syscall nx pdpe1gb rdtscp lm constant_tsc art arch_perfmon pebs bts rep_good nopl xtopology nonstop_tsc cpuid aperfmperf tsc_known_freq pni pclmulqdq dtes64 monitor ds_cpl vmx est tm2 ssse3 sdbg fma cx16 xtpr pdcm pcid sse4_1 sse4_2 x2apic movbe popcnt tsc_deadline_timer aes xsave avx f16c rdrand lahf_lm abm 3dnowprefetch cpuid_fault epb invpcid_single pti ssbd ibrs ibpb stibp tpr_shadow vnmi flexpriority ept vpid fsgsbase tsc_adjust bmi1 avx2 smep bmi2 erms invpcid mpx rdseed adx smap clflushopt intel_pt xsaveopt xsavec xgetbv1 xsaves dtherm ida arat pln pts hwp hwp_notify hwp_act_window hwp_epp md_clear flush_l1d
bugs		: cpu_meltdown spectre_v1 spectre_v2 spec_store_bypass l1tf mds
bogomips	: 4416.00
clflush size	: 64
cache_alignment	: 64
address sizes	: 39 bits physical, 48 bits virtual
power management:

processor	: 6
vendor_id	: GenuineIntel
cpu family	: 6
model		: 158
model name	: Intel(R) Core(TM) i7-8750H CPU @ 2.20GHz
stepping	: 10
microcode	: 0xb4
cpu MHz		: 3579.463
cache size	: 9216 KB
physical id	: 0
siblings	: 12
core id		: 0
cpu cores	: 6
apicid		: 1
initial apicid	: 1
fpu		: yes
fpu_exception	: yes
cpuid level	: 22
wp		: yes
flags		: fpu vme de pse tsc msr pae mce cx8 apic sep mtrr pge mca cmov pat pse36 clflush dts acpi mmx fxsr sse sse2 ss ht tm pbe syscall nx pdpe1gb rdtscp lm constant_tsc art arch_perfmon pebs bts rep_good nopl xtopology nonstop_tsc cpuid aperfmperf tsc_known_freq pni pclmulqdq dtes64 monitor ds_cpl vmx est tm2 ssse3 sdbg fma cx16 xtpr pdcm pcid sse4_1 sse4_2 x2apic movbe popcnt tsc_deadline_timer aes xsave avx f16c rdrand lahf_lm abm 3dnowprefetch cpuid_fault epb invpcid_single pti ssbd ibrs ibpb stibp tpr_shadow vnmi flexpriority ept vpid fsgsbase tsc_adjust bmi1 avx2 smep bmi2 erms invpcid mpx rdseed adx smap clflushopt intel_pt xsaveopt xsavec xgetbv1 xsaves dtherm ida arat pln pts hwp hwp_notify hwp_act_window hwp_epp md_clear flush_l1d
bugs		: cpu_meltdown spectre_v1 spectre_v2 spec_store_bypass l1tf mds
bogomips	: 4416.00
clflush size	: 64
cache_alignment	: 64
address sizes	: 39 bits physical, 48 bits virtual
power management:

processor	: 7
vendor_id	: GenuineIntel
cpu family	: 6
model		: 158
model name	: Intel(R) Core(TM) i7-8750H CPU @ 2.20GHz
stepping	: 10
microcode	: 0xb4
cpu MHz		: 3661.048
cache size	: 9216 KB
physical id	: 0
siblings	: 12
core id		: 1
cpu cores	: 6
apicid		: 3
initial apicid	: 3
fpu		: yes
fpu_exception	: yes
cpuid level	: 22
wp		: yes
flags		: fpu vme de pse tsc msr pae mce cx8 apic sep mtrr pge mca cmov pat pse36 clflush dts acpi mmx fxsr sse sse2 ss ht tm pbe syscall nx pdpe1gb rdtscp lm constant_tsc art arch_perfmon pebs bts rep_good nopl xtopology nonstop_tsc cpuid aperfmperf tsc_known_freq pni pclmulqdq dtes64 monitor ds_cpl vmx est tm2 ssse3 sdbg fma cx16 xtpr pdcm pcid sse4_1 sse4_2 x2apic movbe popcnt tsc_deadline_timer aes xsave avx f16c rdrand lahf_lm abm 3dnowprefetch cpuid_fault epb invpcid_single pti ssbd ibrs ibpb stibp tpr_shadow vnmi flexpriority ept vpid fsgsbase tsc_adjust bmi1 avx2 smep bmi2 erms invpcid mpx rdseed adx smap clflushopt intel_pt xsaveopt xsavec xgetbv1 xsaves dtherm ida arat pln pts hwp hwp_notify hwp_act_window hwp_epp md_clear flush_l1d
bugs		: cpu_meltdown spectre_v1 spectre_v2 spec_store_bypass l1tf mds
bogomips	: 4416.00
clflush size	: 64
cache_alignment	: 64
address sizes	: 39 bits physical, 48 bits virtual
power management:

processor	: 8
vendor_id	: GenuineIntel
cpu family	: 6
model		: 158
model name	: Intel(R) Core(TM) i7-8750H CPU @ 2.20GHz
stepping	: 10
microcode	: 0xb4
cpu MHz		: 3577.192
cache size	: 9216 KB
physical id	: 0
siblings	: 12
core id		: 2
cpu cores	: 6
apicid		: 5
initial apicid	: 5
fpu		: yes
fpu_exception	: yes
cpuid level	: 22
wp		: yes
flags		: fpu vme de pse tsc msr pae mce cx8 apic sep mtrr pge mca cmov pat pse36 clflush dts acpi mmx fxsr sse sse2 ss ht tm pbe syscall nx pdpe1gb rdtscp lm constant_tsc art arch_perfmon pebs bts rep_good nopl xtopology nonstop_tsc cpuid aperfmperf tsc_known_freq pni pclmulqdq dtes64 monitor ds_cpl vmx est tm2 ssse3 sdbg fma cx16 xtpr pdcm pcid sse4_1 sse4_2 x2apic movbe popcnt tsc_deadline_timer aes xsave avx f16c rdrand lahf_lm abm 3dnowprefetch cpuid_fault epb invpcid_single pti ssbd ibrs ibpb stibp tpr_shadow vnmi flexpriority ept vpid fsgsbase tsc_adjust bmi1 avx2 smep bmi2 erms invpcid mpx rdseed adx smap clflushopt intel_pt xsaveopt xsavec xgetbv1 xsaves dtherm ida arat pln pts hwp hwp_notify hwp_act_window hwp_epp md_clear flush_l1d
bugs		: cpu_meltdown spectre_v1 spectre_v2 spec_store_bypass l1tf mds
bogomips	: 4416.00
clflush size	: 64
cache_alignment	: 64
address sizes	: 39 bits physical, 48 bits virtual
power management:

processor	: 9
vendor_id	: GenuineIntel
cpu family	: 6
model		: 158
model name	: Intel(R) Core(TM) i7-8750H CPU @ 2.20GHz
stepping	: 10
microcode	: 0xb4
cpu MHz		: 3637.075
cache size	: 9216 KB
physical id	: 0
siblings	: 12
core id		: 3
cpu cores	: 6
apicid		: 7
initial apicid	: 7
fpu		: yes
fpu_exception	: yes
cpuid level	: 22
wp		: yes
flags		: fpu vme de pse tsc msr pae mce cx8 apic sep mtrr pge mca cmov pat pse36 clflush dts acpi mmx fxsr sse sse2 ss ht tm pbe syscall nx pdpe1gb rdtscp lm constant_tsc art arch_perfmon pebs bts rep_good nopl xtopology nonstop_tsc cpuid aperfmperf tsc_known_freq pni pclmulqdq dtes64 monitor ds_cpl vmx est tm2 ssse3 sdbg fma cx16 xtpr pdcm pcid sse4_1 sse4_2 x2apic movbe popcnt tsc_deadline_timer aes xsave avx f16c rdrand lahf_lm abm 3dnowprefetch cpuid_fault epb invpcid_single pti ssbd ibrs ibpb stibp tpr_shadow vnmi flexpriority ept vpid fsgsbase tsc_adjust bmi1 avx2 smep bmi2 erms invpcid mpx rdseed adx smap clflushopt intel_pt xsaveopt xsavec xgetbv1 xsaves dtherm ida arat pln pts hwp hwp_notify hwp_act_window hwp_epp md_clear flush_l1d
bugs		: cpu_meltdown spectre_v1 spectre_v2 spec_store_bypass l1tf mds
bogomips	: 4416.00
clflush size	: 64
cache_alignment	: 64
address sizes	: 39 bits physical, 48 bits virtual
power management:

processor	: 10
vendor_id	: GenuineIntel
cpu family	: 6
model		: 158
model name	: Intel(R) Core(TM) i7-8750H CPU @ 2.20GHz
stepping	: 10
microcode	: 0xb4
cpu MHz		: 3667.338
cache size	: 9216 KB
physical id	: 0
siblings	: 12
core id		: 4
cpu cores	: 6
apicid		: 9
initial apicid	: 9
fpu		: yes
fpu_exception	: yes
cpuid level	: 22
wp		: yes
flags		: fpu vme de pse tsc msr pae mce cx8 apic sep mtrr pge mca cmov pat pse36 clflush dts acpi mmx fxsr sse sse2 ss ht tm pbe syscall nx pdpe1gb rdtscp lm constant_tsc art arch_perfmon pebs bts rep_good nopl xtopology nonstop_tsc cpuid aperfmperf tsc_known_freq pni pclmulqdq dtes64 monitor ds_cpl vmx est tm2 ssse3 sdbg fma cx16 xtpr pdcm pcid sse4_1 sse4_2 x2apic movbe popcnt tsc_deadline_timer aes xsave avx f16c rdrand lahf_lm abm 3dnowprefetch cpuid_fault epb invpcid_single pti ssbd ibrs ibpb stibp tpr_shadow vnmi flexpriority ept vpid fsgsbase tsc_adjust bmi1 avx2 smep bmi2 erms invpcid mpx rdseed adx smap clflushopt intel_pt xsaveopt xsavec xgetbv1 xsaves dtherm ida arat pln pts hwp hwp_notify hwp_act_window hwp_epp md_clear flush_l1d
bugs		: cpu_meltdown spectre_v1 spectre_v2 spec_store_bypass l1tf mds
bogomips	: 4416.00
clflush size	: 64
cache_alignment	: 64
address sizes	: 39 bits physical, 48 bits virtual
power management:

processor	: 11
vendor_id	: GenuineIntel
cpu family	: 6
model		: 158
model name	: Intel(R) Core(TM) i7-8750H CPU @ 2.20GHz
stepping	: 10
microcode	: 0xb4
cpu MHz		: 3590.039
cache size	: 9216 KB
physical id	: 0
siblings	: 12
core id		: 5
cpu cores	: 6
apicid		: 11
initial apicid	: 11
fpu		: yes
fpu_exception	: yes
cpuid level	: 22
wp		: yes
flags		: fpu vme de pse tsc msr pae mce cx8 apic sep mtrr pge mca cmov pat pse36 clflush dts acpi mmx fxsr sse sse2 ss ht tm pbe syscall nx pdpe1gb rdtscp lm constant_tsc art arch_perfmon pebs bts rep_good nopl xtopology nonstop_tsc cpuid aperfmperf tsc_known_freq pni pclmulqdq dtes64 monitor ds_cpl vmx est tm2 ssse3 sdbg fma cx16 xtpr pdcm pcid sse4_1 sse4_2 x2apic movbe popcnt tsc_deadline_timer aes xsave avx f16c rdrand lahf_lm abm 3dnowprefetch cpuid_fault epb invpcid_single pti ssbd ibrs ibpb stibp tpr_shadow vnmi flexpriority ept vpid fsgsbase tsc_adjust bmi1 avx2 smep bmi2 erms invpcid mpx rdseed adx smap clflushopt intel_pt xsaveopt xsavec xgetbv1 xsaves dtherm ida arat pln pts hwp hwp_notify hwp_act_window hwp_epp md_clear flush_l1d
bugs		: cpu_meltdown spectre_v1 spectre_v2 spec_store_bypass l1tf mds
bogomips	: 4416.00
clflush size	: 64
cache_alignment	: 64
address sizes	: 39 bits physical, 48 bits virtual
power management:



Memory: 4k page, physical 16262060k(717112k free), swap 2097148k(2097148k free)

vm_info: OpenJDK 64-Bit Server VM (25.212-b03) for linux-amd64 JRE (1.8.0_212-8u212-b03-0ubuntu1.18.04.1-b03), built on Apr 26 2019 01:04:36 by "buildd" with gcc 7.3.0

time: Fri May 24 14:00:14 2019
timezone: +08
elapsed time: 2 seconds (0d 0h 0m 2s)

