0 info it worked if it ends with ok
1 verbose cli [ '/usr/bin/node',
1 verbose cli   '/usr/bin/npm',
1 verbose cli   'install',
1 verbose cli   'leaflet.markercluster.js' ]
2 info using npm@3.5.2
3 info using node@v8.10.0
4 silly loadCurrentTree Starting
5 silly install loadCurrentTree
6 silly install readLocalPackageData
7 silly fetchPackageMetaData leaflet.markercluster.js
8 silly fetchOtherPackageData leaflet.markercluster.js
9 silly cache add args [ 'leaflet.markercluster.js', null ]
10 verbose cache add spec leaflet.markercluster.js
11 silly cache add parsed spec Result {
11 silly cache add   raw: 'leaflet.markercluster.js',
11 silly cache add   scope: null,
11 silly cache add   name: null,
11 silly cache add   rawSpec: 'leaflet.markercluster.js',
11 silly cache add   spec: '/home/wwinw121/Documents/FIT3036/iot-traffic-monitor/iot-springboot-dashboard/src/main/resources/static/js/Leaflet.markercluster-1.4.1/dist/leaflet.markercluster.js',
11 silly cache add   type: 'local' }
12 silly addLocalTarball shasum (computed) 9e22ebf6b48ac0839d8a7dd5c0795c0dd541fdf4
13 verbose addTmpTarball /home/wwinw121/Documents/FIT3036/iot-traffic-monitor/iot-springboot-dashboard/src/main/resources/static/js/Leaflet.markercluster-1.4.1/dist/leaflet.markercluster.js not in flight; adding
14 verbose addTmpTarball validating metadata from /home/wwinw121/Documents/FIT3036/iot-traffic-monitor/iot-springboot-dashboard/src/main/resources/static/js/Leaflet.markercluster-1.4.1/dist/leaflet.markercluster.js
15 verbose tar unpack /home/wwinw121/Documents/FIT3036/iot-traffic-monitor/iot-springboot-dashboard/src/main/resources/static/js/Leaflet.markercluster-1.4.1/dist/leaflet.markercluster.js
16 verbose tar unpacking to /tmp/npm-25368-609cd071/unpack-9603c638
17 silly gentlyRm /tmp/npm-25368-609cd071/unpack-9603c638 is being purged
18 verbose gentlyRm don't care about contents; nuking /tmp/npm-25368-609cd071/unpack-9603c638
19 silly gunzTarPerm modes [ '755', '644' ]
20 error not a package /home/wwinw121/Documents/FIT3036/iot-traffic-monitor/iot-springboot-dashboard/src/main/resources/static/js/Leaflet.markercluster-1.4.1/dist/leaflet.markercluster.js
21 error addLocal Could not install /home/wwinw121/Documents/FIT3036/iot-traffic-monitor/iot-springboot-dashboard/src/main/resources/static/js/Leaflet.markercluster-1.4.1/dist/leaflet.markercluster.js
22 silly fetchPackageMetaData Error: ENOENT: no such file or directory, open '/tmp/npm-25368-609cd071/unpack-9603c638/package.json'
22 silly fetchPackageMetaData  error for leaflet.markercluster.js { Error: ENOENT: no such file or directory, open '/tmp/npm-25368-609cd071/unpack-9603c638/package.json'
22 silly fetchPackageMetaData   errno: -2,
22 silly fetchPackageMetaData   code: 'ENOENT',
22 silly fetchPackageMetaData   syscall: 'open',
22 silly fetchPackageMetaData   path: '/tmp/npm-25368-609cd071/unpack-9603c638/package.json' }
23 silly rollbackFailedOptional Starting
24 silly rollbackFailedOptional Finishing
25 silly runTopLevelLifecycles Starting
26 silly runTopLevelLifecycles Finishing
27 silly install printInstalled
28 verbose stack Error: ENOENT: no such file or directory, open '/tmp/npm-25368-609cd071/unpack-9603c638/package.json'
29 verbose cwd /home/wwinw121/Documents/FIT3036/iot-traffic-monitor/iot-springboot-dashboard/src/main/resources/static/js/Leaflet.markercluster-1.4.1/dist
30 error Linux 4.18.0-20-generic
31 error argv "/usr/bin/node" "/usr/bin/npm" "install" "leaflet.markercluster.js"
32 error node v8.10.0
33 error npm  v3.5.2
34 error path /tmp/npm-25368-609cd071/unpack-9603c638/package.json
35 error code ENOENT
36 error errno -2
37 error syscall open
38 error enoent ENOENT: no such file or directory, open '/tmp/npm-25368-609cd071/unpack-9603c638/package.json'
39 error enoent ENOENT: no such file or directory, open '/tmp/npm-25368-609cd071/unpack-9603c638/package.json'
39 error enoent This is most likely not a problem with npm itself
39 error enoent and is related to npm not being able to find a file.
40 verbose exit [ -2, true ]
